#
# A fatal error has been detected by the Java Runtime Environment:
#
#  SIGBUS (0xa) at pc=0x000000010a4894f0, pid=60868, tid=34311
#
# JRE version: Java(TM) SE Runtime Environment (18.0.2.1+1) (build 18.0.2.1+1-1)
# Java VM: Java HotSpot(TM) 64-Bit Server VM (18.0.2.1+1-1, mixed mode, sharing, tiered, compressed oops, compressed class ptrs, g1 gc, bsd-aarch64)
# Problematic frame:
# v  ~StubRoutines::SafeFetchN
#
# No core dump will be written. Core dumps have been disabled. To enable core dumping, try "ulimit -c unlimited" before starting Java again
#
# If you would like to submit a bug report, please visit:
#   https://bugreport.java.com/bugreport/crash.jsp
# The crash happened outside the Java Virtual Machine in native code.
# See problematic frame for where to report the bug.
#

---------------  S U M M A R Y ------------

Command Line: --module-path=/Users/AndreyStoyanov/Desktop/IntelliJ_Project/RoadRunnerFX/target/classes:/Users/AndreyStoyanov/.m2/repository/org/openjfx/javafx-base/17.0.1/javafx-base-17.0.1-mac-aarch64.jar:/Users/AndreyStoyanov/.m2/repository/org/openjfx/javafx-controls/17.0.1/javafx-controls-17.0.1-mac-aarch64.jar:/Users/AndreyStoyanov/.m2/repository/org/openjfx/javafx-fxml/17.0.1/javafx-fxml-17.0.1-mac-aarch64.jar:/Users/AndreyStoyanov/.m2/repository/org/openjfx/javafx-graphics/17.0.1/javafx-graphics-17.0.1-mac-aarch64.jar:/Users/AndreyStoyanov/.m2/repository/org/openjfx/javafx-swing/17.0.1/javafx-swing-17.0.1-mac-aarch64.jar --add-modules=com.example.roadrunnerfx -Djdk.module.main=com.example.roadrunnerfx com.example.roadrunnerfx/com.example.roadrunnerfx.StartMenu

Host: "MacBookPro18,1" arm64, 10 cores, 16G, Darwin 21.6.0, macOS 12.5.1 (21G83)
Time: Sun Sep 11 18:26:06 2022 CEST elapsed time: 1.269607 seconds (0d 0h 0m 1s)

---------------  T H R E A D  ---------------

Current thread (0x0000000139102800):  JavaThread "InvokeLaterDispatcher" daemon [_thread_in_native, id=34311, stack(0x0000000171bac000,0x0000000171daf000)]

Stack: [0x0000000171bac000,0x0000000171daf000],  sp=0x0000000171dae7d0,  free space=2057k
Native frames: (J=compiled Java code, j=interpreted, Vv=VM code, C=native code)
v  ~StubRoutines::SafeFetchN
V  [libjvm.dylib+0x7cf0dc]  _ZN10OopStorage7releaseEPKP7oopDesc+0x20
V  [libjvm.dylib+0x4f75e8]  jni_DeleteGlobalRef+0xc0
C  [libglass.dylib+0xab08]  -[GlassRunnable dealloc]+0x34
C  [Foundation+0x852e8]  -[_NSThreadPerformInfo dealloc]+0x30
C  [Foundation+0x5187c]  -[NSObject(NSThreadPerformAdditions) performSelectorOnMainThread:withObject:waitUntilDone:]+0x88
C  0x612900010a4918ac
j  com.sun.glass.ui.mac.MacApplication.submitForLaterInvocation(Ljava/lang/Runnable;)V+2 javafx.graphics
j  com.sun.glass.ui.InvokeLaterDispatcher.run()V+82 javafx.graphics
v  ~StubRoutines::call_stub
V  [libjvm.dylib+0x49eb20]  _ZN9JavaCalls11call_helperEP9JavaValueRK12methodHandleP17JavaCallArgumentsP10JavaThread+0x38c
V  [libjvm.dylib+0x49db3c]  _ZN9JavaCalls12call_virtualEP9JavaValueP5KlassP6SymbolS5_P17JavaCallArgumentsP10JavaThread+0x11c
V  [libjvm.dylib+0x49dc08]  _ZN9JavaCalls12call_virtualEP9JavaValue6HandleP5KlassP6SymbolS6_P10JavaThread+0x64
V  [libjvm.dylib+0x54fdf8]  _ZL12thread_entryP10JavaThreadS0_+0x9c
V  [libjvm.dylib+0x919c88]  _ZN10JavaThread17thread_main_innerEv+0xa0
V  [libjvm.dylib+0x9186e8]  _ZN6Thread8call_runEv+0xe0
V  [libjvm.dylib+0x7d58c0]  _ZL19thread_native_entryP6Thread+0x158
C  [libsystem_pthread.dylib+0x726c]  _pthread_start+0x94

Java frames: (J=compiled Java code, j=interpreted, Vv=VM code)
j  com.sun.glass.ui.mac.MacApplication._submitForLaterInvocation(Ljava/lang/Runnable;)V+0 javafx.graphics
j  com.sun.glass.ui.mac.MacApplication.submitForLaterInvocation(Ljava/lang/Runnable;)V+2 javafx.graphics
j  com.sun.glass.ui.InvokeLaterDispatcher.run()V+82 javafx.graphics
v  ~StubRoutines::call_stub

siginfo: si_signo: 10 (SIGBUS), si_code: 1 (BUS_ADRALN), si_addr: 0x000000010a4894f0

Register to memory mapping:

 x0=0x00000001386662c8 points into unknown readable memory: 0x0000000000000000 | 00 00 00 00 00 00 00 00
 x1=0x0 is NULL
 x2=0x000000070eab3680 is an oop: com.sun.glass.ui.InvokeLaterDispatcher$Future 
{0x000000070eab3680} - klass: 'com/sun/glass/ui/InvokeLaterDispatcher$Future'
 - ---- fields (total size 3 words):
 - private 'done' 'Z' @12  true
 - private final 'runnable' 'Ljava/lang/Runnable;' @16  a 'com/sun/javafx/application/PlatformImpl$$Lambda$88+0x0000000800c85220'{0x000000070eb4d7d0} (e1d69afa)
 - final synthetic 'this$0' 'Lcom/sun/glass/ui/InvokeLaterDispatcher;' @20  a 'com/sun/glass/ui/InvokeLaterDispatcher'{0x000000070e824000} (e1d04800)
 x3=0x0 is NULL
 x4=0x00000000000130a8 is an unknown value
 x5=0x0 is NULL
 x6=0x0 is NULL
 x7=0x0 is NULL
 x8=0x000000010a4894ec is at begin+0 in a stub
StubRoutines::SafeFetchN [0x000000010a4894ec, 0x000000010a4894f8] (12 bytes)
 x9=0x0 is NULL
x10=0x2010000030300000 is an unknown value
x11=0x0000000000000007 is an unknown value
x12=0x0000000000000003 is an unknown value
x13=0x0000600002414e20 points into unknown readable memory: 0xd8228001a32957f4 | f4 57 29 a3 01 80 22 d8
x14=0x0000050000000000 is an unknown value
x15=0x0000000124649f98: OBJC_CLASS_$_GlassRunnable+0 in /Users/AndreyStoyanov/.openjfx/cache/17.0.1/libglass.dylib at 0x0000000124604000
x16=0x00000001a22f30fc: pthread_getspecific+0 in /usr/lib/system/libsystem_pthread.dylib at 0x00000001a22f1000
x17=0x000060000210af40 points into unknown readable memory: 0xfffffffffffffffe | fe ff ff ff ff ff ff ff
x18=0x0 is NULL
x19=0x00006000021095e0 points into unknown readable memory: 0x000060000080c790 | 90 c7 80 00 00 60 00 00
x20=0x00000001386660c0 points into unknown readable memory: 0x000000070f97d388 | 88 d3 97 0f 07 00 00 00
x21=0x00000001386662c8 points into unknown readable memory: 0x0000000000000000 | 00 00 00 00 00 00 00 00
x22=0x0000000139102800 is a thread
x23=0x0000000000000001 is an unknown value
x24=0x0000000138666280 is a global jni handle
x25=0x0000000102832ce8: _ZN12StubRoutines17_safefetchN_entryE+0 in /Library/Java/JavaVirtualMachines/jdk-18.0.2.1.jdk/Contents/Home/lib/server/libjvm.dylib at 0x0000000101c68000
x26=0x0000000124d1ac18 is pointing into metadata
x27=0x0 is NULL
x28=0x0000000139102800 is a thread


Registers:
 x0=0x00000001386662c8  x1=0x0000000000000000  x2=0x000000070eab3680  x3=0x0000000000000000
 x4=0x00000000000130a8  x5=0x0000000000000000  x6=0x0000000000000000  x7=0x0000000000000000
 x8=0x000000010a4894ec  x9=0x0000000000000000 x10=0x2010000030300000 x11=0x0000000000000007
x12=0x0000000000000003 x13=0x0000600002414e20 x14=0x0000050000000000 x15=0x0000000124649f98
x16=0x00000001a22f30fc x17=0x000060000210af40 x18=0x0000000000000000 x19=0x00006000021095e0
x20=0x00000001386660c0 x21=0x00000001386662c8 x22=0x0000000139102800 x23=0x0000000000000001
x24=0x0000000138666280 x25=0x0000000102832ce8 x26=0x0000000124d1ac18 x27=0x0000000000000000
x28=0x0000000139102800  fp=0x0000000171dae810  lr=0x0000000102435ed0  sp=0x0000000171dae7d0
pc=0x000000010a4894f0 cpsr=0x0000000060001000
Top of Stack: (sp=0x0000000171dae7d0)
0x0000000171dae7d0:   0000000124d1ac18 0000000000000001
0x0000000171dae7e0:   0000000171dae9c8 0000600000828b70
0x0000000171dae7f0:   0000000000000000 0000000138666288
0x0000000171dae800:   0000000138666288 00006000021095e0
0x0000000171dae810:   0000000171dae850 00000001024370dc
0x0000000171dae820:   0000000000000001 0000000138666288
0x0000000171dae830:   0000000000000000 0000000138666288
0x0000000171dae840:   0000000000000001 00000001389a4600
0x0000000171dae850:   0000000171dae880 000000010215f5e8
0x0000000171dae860:   000060000082ad40 00000001ec6348f7
0x0000000171dae870:   0000000000000000 000060000082ad40
0x0000000171dae880:   0000000171dae8b0 000000012460eb08
0x0000000171dae890:   5a7cd38ed9e90062 0000000000000000
0x0000000171dae8a0:   0000000000000000 0000600001f967c0
0x0000000171dae8b0:   0000000171dae8f0 00000001a32c92e8
0x0000000171dae8c0:   0000000171dae9c8 0000600000828b70
0x0000000171dae8d0:   000060000082ad40 5a7cd38ed9e90062
0x0000000171dae8e0:   0000000000000000 0000000000000000
0x0000000171dae8f0:   0000000171dae930 4c7e0001a329587c
0x0000000171dae900:   0000000171dae9c8 000000010a4907c0
0x0000000171dae910:   0000000000000000 000000010283a7a0
0x0000000171dae920:   0000000171dae940 000000010a48f730
0x0000000171dae930:   0000000171dae9a0 612900010a4918ac
0x0000000171dae940:   0000000171dae940 00000008007d156d
0x0000000171dae950:   0000000171dae950 0000000000000000
0x0000000171dae960:   0000000171dae9c8 0000000124d1ac18
0x0000000171dae970:   000000070e80d858 0000000000000000
0x0000000171dae980:   0000000000000000 0000000124cf3120
0x0000000171dae990:   0000000000000000 0000000171dae9a0
0x0000000171dae9a0:   0000000171daea20 000000010a48dfc8
0x0000000171dae9b0:   0000000000000000 0000000000000000
0x0000000171dae9c0:   000000070eab3680 000000070e80d8d0 

Instructions: (pc=0x000000010a4894f0)
0x000000010a4893f0:   f2a04fe9 f2c00029 6d425935 1e640886
0x000000010a489400:   0c402d31 1e6408c7 1f5654d0 1e6c1017
0x000000010a489410:   1f5050d0 1f504cd0 1f5048d0 1e650af6
0x000000010a489420:   1f50d8f6 1f5694d6 1f5158f6 1e762880
0x000000010a489430:   36000501 1e614000 14000026 2e251ca5
0x000000010a489440:   d29e3009 f2a04fe9 f2c00029 6d425d36
0x000000010a489450:   1e600806 0c402d32 1f5758c7 1e6c101a
0x000000010a489460:   1f4754c7 1e650805 1f4750c7 d2866668
0x000000010a489470:   f2a7fa68 1f474cc7 1e6608c0 1f4748c7
0x000000010a489480:   1e6e1019 eb08007f 540000ac 1f479400
0x000000010a489490:   1f460340 1e603b20 1400000e d2a7fd29
0x000000010a4894a0:   eb09007f 540000ac 51480069 d3607d29
0x000000010a4894b0:   9e670121 14000002 1e6a5001 1f679417
0x000000010a4894c0:   1f668742 1e613b23 1e773857 1e773860
0x000000010a4894d0:   a8c17ff3 910003bf a8c17bfd d65f03c0
0x000000010a4894e0:   b9400001 aa0103e0 d65f03c0 f9400001
0x000000010a4894f0:   aa0103e0 d65f03c0 00000000 00000000
0x000000010a489500:   00000000 00000000 00000000 00000000
0x000000010a489510:   00000000 00000000 00000000 00000000
0x000000010a489520:   00000000 00000000 00000000 00000000
0x000000010a489530:   00000000 00000000 00000000 00000000
0x000000010a489540:   00000000 00000000 00000000 00000000
0x000000010a489550:   00000000 00000000 00000000 00000000
0x000000010a489560:   00000000 00000000 00000000 00000000
0x000000010a489570:   00000000 00000000 00000000 00000000
0x000000010a489580:   00000000 00000000 00000000 00000000
0x000000010a489590:   00000000 00000000 00000000 00000000
0x000000010a4895a0:   00000000 00000000 00000000 00000000
0x000000010a4895b0:   00000000 00000000 00000000 00000000
0x000000010a4895c0:   00000000 00000000 00000000 00000000
0x000000010a4895d0:   00000000 00000000 00000000 00000000
0x000000010a4895e0:   00000000 00000000 00000000 00000000 


Stack slot to memory mapping:
stack at sp + 0 slots: 0x0000000124d1ac18 is pointing into metadata
stack at sp + 1 slots: 0x0000000000000001 is an unknown value
stack at sp + 2 slots: 0x0000000171dae9c8 is pointing into the stack for thread: 0x0000000139102800
stack at sp + 3 slots: 0x0000600000828b70 points into unknown readable memory: 0x01000001fad56031 | 31 60 d5 fa 01 00 00 01
stack at sp + 4 slots: 0x0 is NULL
stack at sp + 5 slots: 0x0000000138666288 is a global jni handle
stack at sp + 6 slots: 0x0000000138666288 is a global jni handle
stack at sp + 7 slots: 0x00006000021095e0 points into unknown readable memory: 0x000060000080c790 | 90 c7 80 00 00 60 00 00

StubRoutines::SafeFetchN [0x000000010a4894ec, 0x000000010a4894f8] (12 bytes)
[MachCode]
  0x000000010a4894ec: 0100 40f9 | e003 01aa | c003 5fd6 
[/MachCode]

---------------  P R O C E S S  ---------------

Threads class SMR info:
_java_thread_list=0x0000600000acb760, length=19, elements={
0x000000013a009000, 0x0000000138889800, 0x000000013888c000, 0x0000000138890c00,
0x0000000138891200, 0x0000000138891800, 0x0000000138891e00, 0x0000000138892400,
0x000000013a008800, 0x0000000138893e00, 0x000000013900aa00, 0x0000000138897400,
0x0000000139102800, 0x00000001389a4600, 0x0000000139110400, 0x0000000139101400,
0x00000001389dba00, 0x0000000138a28000, 0x000000013914e800
}

Java Threads: ( => current thread )
  0x000000013a009000 JavaThread "main" [_thread_blocked, id=10243, stack(0x000000016f3b0000,0x000000016f5b3000)]
  0x0000000138889800 JavaThread "Reference Handler" daemon [_thread_blocked, id=15619, stack(0x0000000170204000,0x0000000170407000)]
  0x000000013888c000 JavaThread "Finalizer" daemon [_thread_blocked, id=16643, stack(0x0000000170410000,0x0000000170613000)]
  0x0000000138890c00 JavaThread "Signal Dispatcher" daemon [_thread_blocked, id=23043, stack(0x0000000170734000,0x0000000170937000)]
  0x0000000138891200 JavaThread "Service Thread" daemon [_thread_blocked, id=23299, stack(0x0000000170940000,0x0000000170b43000)]
  0x0000000138891800 JavaThread "Monitor Deflation Thread" daemon [_thread_blocked, id=23555, stack(0x0000000170b4c000,0x0000000170d4f000)]
  0x0000000138891e00 JavaThread "C2 CompilerThread0" daemon [_thread_blocked, id=23811, stack(0x0000000170d58000,0x0000000170f5b000)]
  0x0000000138892400 JavaThread "C1 CompilerThread0" daemon [_thread_blocked, id=41475, stack(0x0000000170f64000,0x0000000171167000)]
  0x000000013a008800 JavaThread "Sweeper thread" daemon [_thread_blocked, id=40963, stack(0x0000000171170000,0x0000000171373000)]
  0x0000000138893e00 JavaThread "Common-Cleaner" daemon [_thread_blocked, id=24067, stack(0x000000017137c000,0x000000017157f000)]
  0x000000013900aa00 JavaThread "Notification Thread" daemon [_thread_blocked, id=40451, stack(0x0000000171588000,0x000000017178b000)]
  0x0000000138897400 JavaThread "QuantumRenderer-0" daemon [_thread_blocked, id=39683, stack(0x00000001719a0000,0x0000000171ba3000)]
=>0x0000000139102800 JavaThread "InvokeLaterDispatcher" daemon [_thread_in_native, id=34311, stack(0x0000000171bac000,0x0000000171daf000)]
  0x00000001389a4600 JavaThread "JavaFX Application Thread" [_thread_in_native, id=259, stack(0x000000016eb28000,0x000000016f324000)]
  0x0000000139110400 JavaThread "PulseTimer-CVDisplayLink thread" daemon [_thread_in_native, id=80387, stack(0x0000000171db8000,0x0000000171e3b000)]
  0x0000000139101400 JavaThread "JavaFX-Launcher" [_thread_blocked, id=52743, stack(0x00000001720dc000,0x00000001722df000)]
  0x00000001389dba00 JavaThread "Java2D Queue Flusher" daemon [_thread_blocked, id=76035, stack(0x0000000172d24000,0x0000000172f27000)]
  0x0000000138a28000 JavaThread "Java2D Disposer" daemon [_thread_blocked, id=73227, stack(0x0000000172f30000,0x0000000173133000)]
  0x000000013914e800 JavaThread "Prism Font Disposer" daemon [_thread_blocked, id=71431, stack(0x000000017799c000,0x0000000177b9f000)]

Other Threads:
  0x0000000138619d40 VMThread "VM Thread" [stack: 0x000000016fff8000,0x00000001701fb000] [id=15107]
  0x000000013871c520 WatcherThread "VM Periodic Task Thread" [stack: 0x0000000171794000,0x0000000171997000] [id=24579]
  0x0000000138608230 WorkerThread "GC Thread#0" [stack: 0x000000016f5bc000,0x000000016f7bf000] [id=20227]
  0x0000000139827820 WorkerThread "GC Thread#1" [stack: 0x00000001722e8000,0x00000001724eb000] [id=56067]
  0x0000000139827c90 WorkerThread "GC Thread#2" [stack: 0x00000001724f4000,0x00000001726f7000] [id=56579]
  0x0000000139828100 WorkerThread "GC Thread#3" [stack: 0x0000000172700000,0x0000000172903000] [id=77315]
  0x0000000139828570 WorkerThread "GC Thread#4" [stack: 0x000000017290c000,0x0000000172b0f000] [id=77059]
  0x00000001398289e0 WorkerThread "GC Thread#5" [stack: 0x0000000172b18000,0x0000000172d1b000] [id=57347]
  0x00000001386088d0 ConcurrentGCThread "G1 Main Marker" [stack: 0x000000016f7c8000,0x000000016f9cb000] [id=19715]
  0x0000000138609140 WorkerThread "G1 Conc#0" [stack: 0x000000016f9d4000,0x000000016fbd7000] [id=19203]
  0x0000000138616260 ConcurrentGCThread "G1 Refine#0" [stack: 0x000000016fbe0000,0x000000016fde3000] [id=18691]
  0x0000000138616ae0 ConcurrentGCThread "G1 Service" [stack: 0x000000016fdec000,0x000000016ffef000] [id=18435]

Threads with active compile tasks:

VM state: not at safepoint (normal execution)

VM Mutex/Monitor currently owned by a thread: None

Heap address: 0x0000000700000000, size: 4096 MB, Compressed Oops mode: Zero based, Oop shift amount: 3

CDS archive(s) mapped at: [0x0000000800000000-0x0000000800ba8000-0x0000000800ba8000), size 12222464, SharedBaseAddress: 0x0000000800000000, ArchiveRelocationMode: 0.
Compressed class space mapped at: 0x0000000800c00000-0x0000000840c00000, reserved size: 1073741824
Narrow klass base: 0x0000000800000000, Narrow klass shift: 0, Narrow klass range: 0x100000000

GC Precious Log:
 CardTable entry size: 512
 Card Set container configuration: InlinePtr #cards 4 size 8 Array Of Cards #cards 16 size 48 Howl #buckets 8 coarsen threshold 3686 Howl Bitmap #cards 512 size 80 coarsen threshold 460 Card regions per heap region 1 cards per card region 4096
 CPUs: 10 total, 10 available
 Memory: 16384M
 Large Page Support: Disabled
 NUMA Support: Disabled
 Compressed Oops: Enabled (Zero based)
 Heap Region Size: 2M
 Heap Min Capacity: 8M
 Heap Initial Capacity: 256M
 Heap Max Capacity: 4G
 Pre-touch: Disabled
 Parallel Workers: 9
 Concurrent Workers: 2
 Concurrent Refinement Workers: 9
 Periodic GC: Disabled

Heap:
 garbage-first heap   total 266240K, used 50126K [0x0000000700000000, 0x0000000800000000)
  region size 2048K, 14 young (28672K), 2 survivors (4096K)
 Metaspace       used 14413K, committed 14656K, reserved 1114112K
  class space    used 1912K, committed 2048K, reserved 1048576K

Heap Regions: E=young(eden), S=young(survivor), O=old, HS=humongous(starts), HC=humongous(continues), CS=collection set, F=free, OA=open archive, CA=closed archive, TAMS=top-at-mark-start (previous, next)
|   0|0x0000000700000000, 0x0000000700200000, 0x0000000700200000|100%|HS|  |TAMS 0x0000000700000000, 0x0000000700000000| Complete 
|   1|0x0000000700200000, 0x0000000700400000, 0x0000000700400000|100%|HC|  |TAMS 0x0000000700200000, 0x0000000700200000| Complete 
|   2|0x0000000700400000, 0x0000000700600000, 0x0000000700600000|100%|HC|  |TAMS 0x0000000700400000, 0x0000000700400000| Complete 
|   3|0x0000000700600000, 0x0000000700800000, 0x0000000700800000|100%|HC|  |TAMS 0x0000000700600000, 0x0000000700600000| Complete 
|   4|0x0000000700800000, 0x0000000700a00000, 0x0000000700a00000|100%|HC|  |TAMS 0x0000000700800000, 0x0000000700800000| Complete 
|   5|0x0000000700a00000, 0x0000000700c00000, 0x0000000700c00000|100%|HC|  |TAMS 0x0000000700a00000, 0x0000000700a00000| Complete 
|   6|0x0000000700c00000, 0x0000000700e00000, 0x0000000700e00000|100%|HC|  |TAMS 0x0000000700c00000, 0x0000000700c00000| Complete 
|   7|0x0000000700e00000, 0x0000000701000000, 0x0000000701000000|100%|HC|  |TAMS 0x0000000700e00000, 0x0000000700e00000| Complete 
|   8|0x0000000701000000, 0x0000000701200000, 0x0000000701200000|100%|HC|  |TAMS 0x0000000701000000, 0x0000000701000000| Complete 
|   9|0x0000000701200000, 0x0000000701400000, 0x0000000701400000|100%|HC|  |TAMS 0x0000000701200000, 0x0000000701200000| Complete 
|  10|0x0000000701400000, 0x0000000701600000, 0x0000000701600000|100%|HC|  |TAMS 0x0000000701400000, 0x0000000701400000| Complete 
|  11|0x0000000701600000, 0x0000000701600000, 0x0000000701800000|  0%| F|  |TAMS 0x0000000701600000, 0x0000000701600000| Untracked 
|  12|0x0000000701800000, 0x0000000701800000, 0x0000000701a00000|  0%| F|  |TAMS 0x0000000701800000, 0x0000000701800000| Untracked 
|  13|0x0000000701a00000, 0x0000000701a00000, 0x0000000701c00000|  0%| F|  |TAMS 0x0000000701a00000, 0x0000000701a00000| Untracked 
|  14|0x0000000701c00000, 0x0000000701c00000, 0x0000000701e00000|  0%| F|  |TAMS 0x0000000701c00000, 0x0000000701c00000| Untracked 
|  15|0x0000000701e00000, 0x0000000701e00000, 0x0000000702000000|  0%| F|  |TAMS 0x0000000701e00000, 0x0000000701e00000| Untracked 
|  16|0x0000000702000000, 0x0000000702000000, 0x0000000702200000|  0%| F|  |TAMS 0x0000000702000000, 0x0000000702000000| Untracked 
|  17|0x0000000702200000, 0x0000000702200000, 0x0000000702400000|  0%| F|  |TAMS 0x0000000702200000, 0x0000000702200000| Untracked 
|  18|0x0000000702400000, 0x0000000702400000, 0x0000000702600000|  0%| F|  |TAMS 0x0000000702400000, 0x0000000702400000| Untracked 
|  19|0x0000000702600000, 0x0000000702600000, 0x0000000702800000|  0%| F|  |TAMS 0x0000000702600000, 0x0000000702600000| Untracked 
|  20|0x0000000702800000, 0x0000000702800000, 0x0000000702a00000|  0%| F|  |TAMS 0x0000000702800000, 0x0000000702800000| Untracked 
|  21|0x0000000702a00000, 0x0000000702a00000, 0x0000000702c00000|  0%| F|  |TAMS 0x0000000702a00000, 0x0000000702a00000| Untracked 
|  22|0x0000000702c00000, 0x0000000702c00000, 0x0000000702e00000|  0%| F|  |TAMS 0x0000000702c00000, 0x0000000702c00000| Untracked 
|  23|0x0000000702e00000, 0x0000000702e00000, 0x0000000703000000|  0%| F|  |TAMS 0x0000000702e00000, 0x0000000702e00000| Untracked 
|  24|0x0000000703000000, 0x0000000703000000, 0x0000000703200000|  0%| F|  |TAMS 0x0000000703000000, 0x0000000703000000| Untracked 
|  25|0x0000000703200000, 0x0000000703200000, 0x0000000703400000|  0%| F|  |TAMS 0x0000000703200000, 0x0000000703200000| Untracked 
|  26|0x0000000703400000, 0x0000000703400000, 0x0000000703600000|  0%| F|  |TAMS 0x0000000703400000, 0x0000000703400000| Untracked 
|  27|0x0000000703600000, 0x0000000703600000, 0x0000000703800000|  0%| F|  |TAMS 0x0000000703600000, 0x0000000703600000| Untracked 
|  28|0x0000000703800000, 0x0000000703800000, 0x0000000703a00000|  0%| F|  |TAMS 0x0000000703800000, 0x0000000703800000| Untracked 
|  29|0x0000000703a00000, 0x0000000703a00000, 0x0000000703c00000|  0%| F|  |TAMS 0x0000000703a00000, 0x0000000703a00000| Untracked 
|  30|0x0000000703c00000, 0x0000000703c00000, 0x0000000703e00000|  0%| F|  |TAMS 0x0000000703c00000, 0x0000000703c00000| Untracked 
|  31|0x0000000703e00000, 0x0000000703e00000, 0x0000000704000000|  0%| F|  |TAMS 0x0000000703e00000, 0x0000000703e00000| Untracked 
|  32|0x0000000704000000, 0x0000000704000000, 0x0000000704200000|  0%| F|  |TAMS 0x0000000704000000, 0x0000000704000000| Untracked 
|  33|0x0000000704200000, 0x0000000704200000, 0x0000000704400000|  0%| F|  |TAMS 0x0000000704200000, 0x0000000704200000| Untracked 
|  34|0x0000000704400000, 0x0000000704400000, 0x0000000704600000|  0%| F|  |TAMS 0x0000000704400000, 0x0000000704400000| Untracked 
|  35|0x0000000704600000, 0x0000000704600000, 0x0000000704800000|  0%| F|  |TAMS 0x0000000704600000, 0x0000000704600000| Untracked 
|  36|0x0000000704800000, 0x0000000704800000, 0x0000000704a00000|  0%| F|  |TAMS 0x0000000704800000, 0x0000000704800000| Untracked 
|  37|0x0000000704a00000, 0x0000000704a00000, 0x0000000704c00000|  0%| F|  |TAMS 0x0000000704a00000, 0x0000000704a00000| Untracked 
|  38|0x0000000704c00000, 0x0000000704c00000, 0x0000000704e00000|  0%| F|  |TAMS 0x0000000704c00000, 0x0000000704c00000| Untracked 
|  39|0x0000000704e00000, 0x0000000704e00000, 0x0000000705000000|  0%| F|  |TAMS 0x0000000704e00000, 0x0000000704e00000| Untracked 
|  40|0x0000000705000000, 0x0000000705000000, 0x0000000705200000|  0%| F|  |TAMS 0x0000000705000000, 0x0000000705000000| Untracked 
|  41|0x0000000705200000, 0x0000000705200000, 0x0000000705400000|  0%| F|  |TAMS 0x0000000705200000, 0x0000000705200000| Untracked 
|  42|0x0000000705400000, 0x0000000705400000, 0x0000000705600000|  0%| F|  |TAMS 0x0000000705400000, 0x0000000705400000| Untracked 
|  43|0x0000000705600000, 0x0000000705600000, 0x0000000705800000|  0%| F|  |TAMS 0x0000000705600000, 0x0000000705600000| Untracked 
|  44|0x0000000705800000, 0x0000000705800000, 0x0000000705a00000|  0%| F|  |TAMS 0x0000000705800000, 0x0000000705800000| Untracked 
|  45|0x0000000705a00000, 0x0000000705a00000, 0x0000000705c00000|  0%| F|  |TAMS 0x0000000705a00000, 0x0000000705a00000| Untracked 
|  46|0x0000000705c00000, 0x0000000705c00000, 0x0000000705e00000|  0%| F|  |TAMS 0x0000000705c00000, 0x0000000705c00000| Untracked 
|  47|0x0000000705e00000, 0x0000000705e00000, 0x0000000706000000|  0%| F|  |TAMS 0x0000000705e00000, 0x0000000705e00000| Untracked 
|  48|0x0000000706000000, 0x0000000706000000, 0x0000000706200000|  0%| F|  |TAMS 0x0000000706000000, 0x0000000706000000| Untracked 
|  49|0x0000000706200000, 0x0000000706200000, 0x0000000706400000|  0%| F|  |TAMS 0x0000000706200000, 0x0000000706200000| Untracked 
|  50|0x0000000706400000, 0x0000000706400000, 0x0000000706600000|  0%| F|  |TAMS 0x0000000706400000, 0x0000000706400000| Untracked 
|  51|0x0000000706600000, 0x0000000706600000, 0x0000000706800000|  0%| F|  |TAMS 0x0000000706600000, 0x0000000706600000| Untracked 
|  52|0x0000000706800000, 0x0000000706800000, 0x0000000706a00000|  0%| F|  |TAMS 0x0000000706800000, 0x0000000706800000| Untracked 
|  53|0x0000000706a00000, 0x0000000706a00000, 0x0000000706c00000|  0%| F|  |TAMS 0x0000000706a00000, 0x0000000706a00000| Untracked 
|  54|0x0000000706c00000, 0x0000000706c00000, 0x0000000706e00000|  0%| F|  |TAMS 0x0000000706c00000, 0x0000000706c00000| Untracked 
|  55|0x0000000706e00000, 0x0000000706e00000, 0x0000000707000000|  0%| F|  |TAMS 0x0000000706e00000, 0x0000000706e00000| Untracked 
|  56|0x0000000707000000, 0x0000000707000000, 0x0000000707200000|  0%| F|  |TAMS 0x0000000707000000, 0x0000000707000000| Untracked 
|  57|0x0000000707200000, 0x0000000707200000, 0x0000000707400000|  0%| F|  |TAMS 0x0000000707200000, 0x0000000707200000| Untracked 
|  58|0x0000000707400000, 0x0000000707400000, 0x0000000707600000|  0%| F|  |TAMS 0x0000000707400000, 0x0000000707400000| Untracked 
|  59|0x0000000707600000, 0x0000000707600000, 0x0000000707800000|  0%| F|  |TAMS 0x0000000707600000, 0x0000000707600000| Untracked 
|  60|0x0000000707800000, 0x0000000707800000, 0x0000000707a00000|  0%| F|  |TAMS 0x0000000707800000, 0x0000000707800000| Untracked 
|  61|0x0000000707a00000, 0x0000000707a00000, 0x0000000707c00000|  0%| F|  |TAMS 0x0000000707a00000, 0x0000000707a00000| Untracked 
|  62|0x0000000707c00000, 0x0000000707c00000, 0x0000000707e00000|  0%| F|  |TAMS 0x0000000707c00000, 0x0000000707c00000| Untracked 
|  63|0x0000000707e00000, 0x0000000707e00000, 0x0000000708000000|  0%| F|  |TAMS 0x0000000707e00000, 0x0000000707e00000| Untracked 
|  64|0x0000000708000000, 0x0000000708000000, 0x0000000708200000|  0%| F|  |TAMS 0x0000000708000000, 0x0000000708000000| Untracked 
|  65|0x0000000708200000, 0x0000000708200000, 0x0000000708400000|  0%| F|  |TAMS 0x0000000708200000, 0x0000000708200000| Untracked 
|  66|0x0000000708400000, 0x0000000708400000, 0x0000000708600000|  0%| F|  |TAMS 0x0000000708400000, 0x0000000708400000| Untracked 
|  67|0x0000000708600000, 0x0000000708600000, 0x0000000708800000|  0%| F|  |TAMS 0x0000000708600000, 0x0000000708600000| Untracked 
|  68|0x0000000708800000, 0x0000000708800000, 0x0000000708a00000|  0%| F|  |TAMS 0x0000000708800000, 0x0000000708800000| Untracked 
|  69|0x0000000708a00000, 0x0000000708a00000, 0x0000000708c00000|  0%| F|  |TAMS 0x0000000708a00000, 0x0000000708a00000| Untracked 
|  70|0x0000000708c00000, 0x0000000708c00000, 0x0000000708e00000|  0%| F|  |TAMS 0x0000000708c00000, 0x0000000708c00000| Untracked 
|  71|0x0000000708e00000, 0x0000000708e00000, 0x0000000709000000|  0%| F|  |TAMS 0x0000000708e00000, 0x0000000708e00000| Untracked 
|  72|0x0000000709000000, 0x0000000709000000, 0x0000000709200000|  0%| F|  |TAMS 0x0000000709000000, 0x0000000709000000| Untracked 
|  73|0x0000000709200000, 0x0000000709200000, 0x0000000709400000|  0%| F|  |TAMS 0x0000000709200000, 0x0000000709200000| Untracked 
|  74|0x0000000709400000, 0x0000000709400000, 0x0000000709600000|  0%| F|  |TAMS 0x0000000709400000, 0x0000000709400000| Untracked 
|  75|0x0000000709600000, 0x0000000709600000, 0x0000000709800000|  0%| F|  |TAMS 0x0000000709600000, 0x0000000709600000| Untracked 
|  76|0x0000000709800000, 0x0000000709800000, 0x0000000709a00000|  0%| F|  |TAMS 0x0000000709800000, 0x0000000709800000| Untracked 
|  77|0x0000000709a00000, 0x0000000709a00000, 0x0000000709c00000|  0%| F|  |TAMS 0x0000000709a00000, 0x0000000709a00000| Untracked 
|  78|0x0000000709c00000, 0x0000000709c00000, 0x0000000709e00000|  0%| F|  |TAMS 0x0000000709c00000, 0x0000000709c00000| Untracked 
|  79|0x0000000709e00000, 0x0000000709e00000, 0x000000070a000000|  0%| F|  |TAMS 0x0000000709e00000, 0x0000000709e00000| Untracked 
|  80|0x000000070a000000, 0x000000070a000000, 0x000000070a200000|  0%| F|  |TAMS 0x000000070a000000, 0x000000070a000000| Untracked 
|  81|0x000000070a200000, 0x000000070a200000, 0x000000070a400000|  0%| F|  |TAMS 0x000000070a200000, 0x000000070a200000| Untracked 
|  82|0x000000070a400000, 0x000000070a400000, 0x000000070a600000|  0%| F|  |TAMS 0x000000070a400000, 0x000000070a400000| Untracked 
|  83|0x000000070a600000, 0x000000070a600000, 0x000000070a800000|  0%| F|  |TAMS 0x000000070a600000, 0x000000070a600000| Untracked 
|  84|0x000000070a800000, 0x000000070a800000, 0x000000070aa00000|  0%| F|  |TAMS 0x000000070a800000, 0x000000070a800000| Untracked 
|  85|0x000000070aa00000, 0x000000070aa00000, 0x000000070ac00000|  0%| F|  |TAMS 0x000000070aa00000, 0x000000070aa00000| Untracked 
|  86|0x000000070ac00000, 0x000000070ac00000, 0x000000070ae00000|  0%| F|  |TAMS 0x000000070ac00000, 0x000000070ac00000| Untracked 
|  87|0x000000070ae00000, 0x000000070ae00000, 0x000000070b000000|  0%| F|  |TAMS 0x000000070ae00000, 0x000000070ae00000| Untracked 
|  88|0x000000070b000000, 0x000000070b000000, 0x000000070b200000|  0%| F|  |TAMS 0x000000070b000000, 0x000000070b000000| Untracked 
|  89|0x000000070b200000, 0x000000070b200000, 0x000000070b400000|  0%| F|  |TAMS 0x000000070b200000, 0x000000070b200000| Untracked 
|  90|0x000000070b400000, 0x000000070b400000, 0x000000070b600000|  0%| F|  |TAMS 0x000000070b400000, 0x000000070b400000| Untracked 
|  91|0x000000070b600000, 0x000000070b600000, 0x000000070b800000|  0%| F|  |TAMS 0x000000070b600000, 0x000000070b600000| Untracked 
|  92|0x000000070b800000, 0x000000070b800000, 0x000000070ba00000|  0%| F|  |TAMS 0x000000070b800000, 0x000000070b800000| Untracked 
|  93|0x000000070ba00000, 0x000000070ba00000, 0x000000070bc00000|  0%| F|  |TAMS 0x000000070ba00000, 0x000000070ba00000| Untracked 
|  94|0x000000070bc00000, 0x000000070bc00000, 0x000000070be00000|  0%| F|  |TAMS 0x000000070bc00000, 0x000000070bc00000| Untracked 
|  95|0x000000070be00000, 0x000000070be00000, 0x000000070c000000|  0%| F|  |TAMS 0x000000070be00000, 0x000000070be00000| Untracked 
|  96|0x000000070c000000, 0x000000070c000000, 0x000000070c200000|  0%| F|  |TAMS 0x000000070c000000, 0x000000070c000000| Untracked 
|  97|0x000000070c200000, 0x000000070c200000, 0x000000070c400000|  0%| F|  |TAMS 0x000000070c200000, 0x000000070c200000| Untracked 
|  98|0x000000070c400000, 0x000000070c400000, 0x000000070c600000|  0%| F|  |TAMS 0x000000070c400000, 0x000000070c400000| Untracked 
|  99|0x000000070c600000, 0x000000070c600000, 0x000000070c800000|  0%| F|  |TAMS 0x000000070c600000, 0x000000070c600000| Untracked 
| 100|0x000000070c800000, 0x000000070c800000, 0x000000070ca00000|  0%| F|  |TAMS 0x000000070c800000, 0x000000070c800000| Untracked 
| 101|0x000000070ca00000, 0x000000070ca00000, 0x000000070cc00000|  0%| F|  |TAMS 0x000000070ca00000, 0x000000070ca00000| Untracked 
| 102|0x000000070cc00000, 0x000000070cc00000, 0x000000070ce00000|  0%| F|  |TAMS 0x000000070cc00000, 0x000000070cc00000| Untracked 
| 103|0x000000070ce00000, 0x000000070ce00000, 0x000000070d000000|  0%| F|  |TAMS 0x000000070ce00000, 0x000000070ce00000| Untracked 
| 104|0x000000070d000000, 0x000000070d000000, 0x000000070d200000|  0%| F|  |TAMS 0x000000070d000000, 0x000000070d000000| Untracked 
| 105|0x000000070d200000, 0x000000070d200000, 0x000000070d400000|  0%| F|  |TAMS 0x000000070d200000, 0x000000070d200000| Untracked 
| 106|0x000000070d400000, 0x000000070d400000, 0x000000070d600000|  0%| F|  |TAMS 0x000000070d400000, 0x000000070d400000| Untracked 
| 107|0x000000070d600000, 0x000000070d600000, 0x000000070d800000|  0%| F|  |TAMS 0x000000070d600000, 0x000000070d600000| Untracked 
| 108|0x000000070d800000, 0x000000070d800000, 0x000000070da00000|  0%| F|  |TAMS 0x000000070d800000, 0x000000070d800000| Untracked 
| 109|0x000000070da00000, 0x000000070da00000, 0x000000070dc00000|  0%| F|  |TAMS 0x000000070da00000, 0x000000070da00000| Untracked 
| 110|0x000000070dc00000, 0x000000070dc00000, 0x000000070de00000|  0%| F|  |TAMS 0x000000070dc00000, 0x000000070dc00000| Untracked 
| 111|0x000000070de00000, 0x000000070de00000, 0x000000070e000000|  0%| F|  |TAMS 0x000000070de00000, 0x000000070de00000| Untracked 
| 112|0x000000070e000000, 0x000000070e000000, 0x000000070e200000|  0%| F|  |TAMS 0x000000070e000000, 0x000000070e000000| Untracked 
| 113|0x000000070e200000, 0x000000070e200000, 0x000000070e400000|  0%| F|  |TAMS 0x000000070e200000, 0x000000070e200000| Untracked 
| 114|0x000000070e400000, 0x000000070e53b080, 0x000000070e600000| 61%| E|  |TAMS 0x000000070e400000, 0x000000070e400000| Complete 
| 115|0x000000070e600000, 0x000000070e70bac8, 0x000000070e800000| 52%| S|CS|TAMS 0x000000070e600000, 0x000000070e600000| Complete 
| 116|0x000000070e800000, 0x000000070ea00000, 0x000000070ea00000|100%| S|CS|TAMS 0x000000070e800000, 0x000000070e800000| Complete 
| 117|0x000000070ea00000, 0x000000070ec00000, 0x000000070ec00000|100%| E|CS|TAMS 0x000000070ea00000, 0x000000070ea00000| Complete 
| 118|0x000000070ec00000, 0x000000070ee00000, 0x000000070ee00000|100%| E|CS|TAMS 0x000000070ec00000, 0x000000070ec00000| Complete 
| 119|0x000000070ee00000, 0x000000070f000000, 0x000000070f000000|100%| E|CS|TAMS 0x000000070ee00000, 0x000000070ee00000| Complete 
| 120|0x000000070f000000, 0x000000070f200000, 0x000000070f200000|100%| E|CS|TAMS 0x000000070f000000, 0x000000070f000000| Complete 
| 121|0x000000070f200000, 0x000000070f400000, 0x000000070f400000|100%| E|CS|TAMS 0x000000070f200000, 0x000000070f200000| Complete 
| 122|0x000000070f400000, 0x000000070f600000, 0x000000070f600000|100%| E|CS|TAMS 0x000000070f400000, 0x000000070f400000| Complete 
| 123|0x000000070f600000, 0x000000070f800000, 0x000000070f800000|100%| E|CS|TAMS 0x000000070f600000, 0x000000070f600000| Complete 
| 124|0x000000070f800000, 0x000000070fa00000, 0x000000070fa00000|100%| E|CS|TAMS 0x000000070f800000, 0x000000070f800000| Complete 
| 125|0x000000070fa00000, 0x000000070fc00000, 0x000000070fc00000|100%| E|CS|TAMS 0x000000070fa00000, 0x000000070fa00000| Complete 
| 126|0x000000070fc00000, 0x000000070fe00000, 0x000000070fe00000|100%| E|CS|TAMS 0x000000070fc00000, 0x000000070fc00000| Complete 
| 127|0x000000070fe00000, 0x0000000710000000, 0x0000000710000000|100%| E|CS|TAMS 0x000000070fe00000, 0x000000070fe00000| Complete 
|2046|0x00000007ffc00000, 0x00000007ffd74000, 0x00000007ffe00000| 72%|OA|  |TAMS 0x00000007ffc00000, 0x00000007ffc00000| Untracked 
|2047|0x00000007ffe00000, 0x00000007ffe74000, 0x0000000800000000| 22%|CA|  |TAMS 0x00000007ffe00000, 0x00000007ffe00000| Untracked 

Card table byte_map: [0x0000000119488000,0x0000000119c88000] _byte_map_base: 0x0000000115c88000

Marking Bits (Prev, Next): (CMBitMap*) 0x0000000138816210, (CMBitMap*) 0x0000000138816250
 Prev Bits: [0x000000011a488000, 0x000000011e488000)
 Next Bits: [0x000000011e488000, 0x0000000122488000)

Polling page: 0x0000000100d14000

Metaspace:

Usage:
  Non-class:     12.21 MB used.
      Class:      1.87 MB used.
       Both:     14.08 MB used.

Virtual space:
  Non-class space:       64.00 MB reserved,      12.31 MB ( 19%) committed,  1 nodes.
      Class space:        1.00 GB reserved,       2.00 MB ( <1%) committed,  1 nodes.
             Both:        1.06 GB reserved,      14.31 MB (  1%) committed. 

Chunk freelists:
   Non-Class:  2.75 MB
       Class:  1.83 MB
        Both:  4.58 MB

MaxMetaspaceSize: unlimited
CompressedClassSpaceSize: 1.00 GB
Initial GC threshold: 21.00 MB
Current GC threshold: 21.00 MB
CDS: on
MetaspaceReclaimPolicy: balanced
 - commit_granule_bytes: 65536.
 - commit_granule_words: 8192.
 - virtual_space_node_default_size: 8388608.
 - enlarge_chunks_in_place: 1.
 - new_chunks_are_fully_committed: 0.
 - uncommit_free_chunks: 1.
 - use_allocation_guard: 0.


Internal statistics:

num_allocs_failed_limit: 0.
num_arena_births: 268.
num_arena_deaths: 0.
num_vsnodes_births: 2.
num_vsnodes_deaths: 0.
num_space_committed: 229.
num_space_uncommitted: 0.
num_chunks_returned_to_freelist: 0.
num_chunks_taken_from_freelist: 651.
num_chunk_merges: 0.
num_chunk_splits: 454.
num_chunks_enlarged: 356.
num_inconsistent_stats: 0.

CodeHeap 'non-profiled nmethods': size=120032Kb used=555Kb max_used=555Kb free=119476Kb
 bounds [0x0000000111f50000, 0x00000001121c0000, 0x0000000119488000]
CodeHeap 'profiled nmethods': size=120016Kb used=3072Kb max_used=3072Kb free=116943Kb
 bounds [0x000000010aa1c000, 0x000000010ad2c000, 0x0000000111f50000]
CodeHeap 'non-nmethods': size=5712Kb used=1405Kb max_used=1464Kb free=4306Kb
 bounds [0x000000010a488000, 0x000000010a6f8000, 0x000000010aa1c000]
 total_blobs=2403 nmethods=1611 adapters=709
 compilation: enabled
              stopped_count=0, restarted_count=0
 full_count=0

Compilation events (20 events):
Event: 1.211 Thread 0x0000000138892400 1744       1       com.sun.javafx.scene.input.PickResultChooser::isClosed (5 bytes)
Event: 1.211 Thread 0x0000000138892400 nmethod 1744 0x0000000111fd9f10 code [0x0000000111fda080, 0x0000000111fda168]
Event: 1.235 Thread 0x0000000138892400 1745       1       com.sun.javafx.event.BasicEventDispatcher::getPreviousDispatcher (5 bytes)
Event: 1.235 Thread 0x0000000138892400 nmethod 1745 0x0000000111fda210 code [0x0000000111fda380, 0x0000000111fda468]
Event: 1.244 Thread 0x0000000138892400 1746       3       java.lang.Math::round (56 bytes)
Event: 1.244 Thread 0x0000000138892400 nmethod 1746 0x000000010ad13610 code [0x000000010ad137c0, 0x000000010ad139a8]
Event: 1.245 Thread 0x0000000138892400 1747       3       com.sun.javafx.event.EventDispatchChainImpl::dispatchEvent (101 bytes)
Event: 1.245 Thread 0x0000000138892400 nmethod 1747 0x000000010ad13a90 code [0x000000010ad13c40, 0x000000010ad13f98]
Event: 1.259 Thread 0x0000000138892400 1748       3       java.util.EnumMap$ValueIterator::next (50 bytes)
Event: 1.260 Thread 0x0000000138892400 nmethod 1748 0x000000010ad14110 code [0x000000010ad14300, 0x000000010ad14748]
Event: 1.260 Thread 0x0000000138892400 1749       3       javafx.scene.Scene$ClickCounter::moved (52 bytes)
Event: 1.261 Thread 0x0000000138892400 nmethod 1749 0x000000010ad14910 code [0x000000010ad14bc0, 0x000000010ad15478]
Event: 1.265 Thread 0x0000000138892400 1750       3       com.sun.javafx.css.StyleCacheEntry::get (37 bytes)
Event: 1.265 Thread 0x0000000138892400 nmethod 1750 0x000000010ad15910 code [0x000000010ad15b00, 0x000000010ad16008]
Event: 1.266 Thread 0x0000000138892400 1751       3       javafx.css.CssMetaData::hashCode (28 bytes)
Event: 1.266 Thread 0x0000000138892400 nmethod 1751 0x000000010ad16190 code [0x000000010ad16340, 0x000000010ad16518]
Event: 1.266 Thread 0x0000000138892400 1753       3       javafx.beans.property.DoublePropertyBase::get (29 bytes)
Event: 1.266 Thread 0x0000000138892400 nmethod 1753 0x000000010ad16610 code [0x000000010ad167c0, 0x000000010ad16a98]
Event: 1.267 Thread 0x0000000138892400 1752       1       javafx.scene.control.SkinBase::getSkinnable (5 bytes)
Event: 1.267 Thread 0x0000000138892400 nmethod 1752 0x0000000111fda510 code [0x0000000111fda680, 0x0000000111fda768]

GC Heap History (2 events):
Event: 0.341 GC heap before
{Heap before GC invocations=0 (full 0):
 garbage-first heap   total 266240K, used 24480K [0x0000000700000000, 0x0000000800000000)
  region size 2048K, 11 young (22528K), 0 survivors (0K)
 Metaspace       used 6910K, committed 7104K, reserved 1114112K
  class space    used 838K, committed 960K, reserved 1048576K
}
Event: 0.342 GC heap after
{Heap after GC invocations=1 (full 0):
 garbage-first heap   total 266240K, used 5070K [0x0000000700000000, 0x0000000800000000)
  region size 2048K, 2 young (4096K), 2 survivors (4096K)
 Metaspace       used 6910K, committed 7104K, reserved 1114112K
  class space    used 838K, committed 960K, reserved 1048576K
}

Deoptimization events (20 events):
Event: 0.789 Thread 0x00000001389a4600 Uncommon trap: trap_request=0xffffffde fr.pc=0x0000000111f65318 relative=0x0000000000000158
Event: 0.789 Thread 0x00000001389a4600 Uncommon trap: reason=class_check action=maybe_recompile pc=0x0000000111f65318 method=java.lang.String.equals(Ljava/lang/Object;)Z @ 8 c2
Event: 0.789 Thread 0x00000001389a4600 DEOPT PACKING pc=0x0000000111f65318 sp=0x000000016f31e380
Event: 0.789 Thread 0x00000001389a4600 DEOPT UNPACKING pc=0x000000010a4c6d1c sp=0x000000016f31e320 mode 2
Event: 0.789 Thread 0x00000001389a4600 Uncommon trap: trap_request=0xffffffde fr.pc=0x0000000111f65318 relative=0x0000000000000158
Event: 0.789 Thread 0x00000001389a4600 Uncommon trap: reason=class_check action=maybe_recompile pc=0x0000000111f65318 method=java.lang.String.equals(Ljava/lang/Object;)Z @ 8 c2
Event: 0.789 Thread 0x00000001389a4600 DEOPT PACKING pc=0x0000000111f65318 sp=0x000000016f31e380
Event: 0.789 Thread 0x00000001389a4600 DEOPT UNPACKING pc=0x000000010a4c6d1c sp=0x000000016f31e320 mode 2
Event: 0.789 Thread 0x00000001389a4600 Uncommon trap: trap_request=0xffffffde fr.pc=0x0000000111f65318 relative=0x0000000000000158
Event: 0.789 Thread 0x00000001389a4600 Uncommon trap: reason=class_check action=maybe_recompile pc=0x0000000111f65318 method=java.lang.String.equals(Ljava/lang/Object;)Z @ 8 c2
Event: 0.789 Thread 0x00000001389a4600 DEOPT PACKING pc=0x0000000111f65318 sp=0x000000016f31df60
Event: 0.789 Thread 0x00000001389a4600 DEOPT UNPACKING pc=0x000000010a4c6d1c sp=0x000000016f31df00 mode 2
Event: 0.812 Thread 0x00000001389a4600 Uncommon trap: trap_request=0xffffffc6 fr.pc=0x0000000111f8d008 relative=0x0000000000000288
Event: 0.812 Thread 0x00000001389a4600 Uncommon trap: reason=bimorphic_or_optimized_type_check action=maybe_recompile pc=0x0000000111f8d008 method=java.util.concurrent.ConcurrentHashMap.get(Ljava/lang/Object;)Ljava/lang/Object; @ 149 c2
Event: 0.812 Thread 0x00000001389a4600 DEOPT PACKING pc=0x0000000111f8d008 sp=0x000000016f31d7f0
Event: 0.812 Thread 0x00000001389a4600 DEOPT UNPACKING pc=0x000000010a4c6d1c sp=0x000000016f31d760 mode 2
Event: 0.841 Thread 0x00000001389a4600 Uncommon trap: trap_request=0xffffff45 fr.pc=0x0000000111fa862c relative=0x00000000000000ec
Event: 0.841 Thread 0x00000001389a4600 Uncommon trap: reason=unstable_if action=reinterpret pc=0x0000000111fa862c method=java.lang.ThreadLocal$ThreadLocalMap.getEntry(Ljava/lang/ThreadLocal;)Ljava/lang/ThreadLocal$ThreadLocalMap$Entry; @ 21 c2
Event: 0.841 Thread 0x00000001389a4600 DEOPT PACKING pc=0x0000000111fa862c sp=0x000000016f31e810
Event: 0.841 Thread 0x00000001389a4600 DEOPT UNPACKING pc=0x000000010a4c6d1c sp=0x000000016f31e710 mode 2

Classes loaded (20 events):
Event: 0.808 Loading class jdk/internal/icu/text/BidiLine
Event: 0.808 Loading class jdk/internal/icu/text/BidiLine done
Event: 0.819 Loading class java/util/ConcurrentModificationException
Event: 0.819 Loading class java/util/ConcurrentModificationException done
Event: 0.838 Loading class sun/awt/AWTAutoShutdown
Event: 0.839 Loading class sun/awt/AWTAutoShutdown done
Event: 0.844 Loading class java/util/EnumMap$Values
Event: 0.844 Loading class java/util/EnumMap$Values done
Event: 0.844 Loading class java/util/EnumMap$ValueIterator
Event: 0.844 Loading class java/util/EnumMap$EnumMapIterator
Event: 0.844 Loading class java/util/EnumMap$EnumMapIterator done
Event: 0.844 Loading class java/util/EnumMap$ValueIterator done
Event: 0.856 Loading class java/nio/ShortBuffer
Event: 0.857 Loading class java/nio/ShortBuffer done
Event: 0.857 Loading class java/nio/DoubleBuffer
Event: 0.857 Loading class java/nio/DoubleBuffer done
Event: 0.857 Loading class java/nio/DirectFloatBufferU
Event: 0.857 Loading class java/nio/DirectFloatBufferU done
Event: 0.858 Loading class java/nio/DirectShortBufferU
Event: 0.859 Loading class java/nio/DirectShortBufferU done

Classes unloaded (0 events):
No events

Classes redefined (0 events):
No events

Internal exceptions (20 events):
Event: 0.385 Thread 0x00000001389a4600 Exception <a 'java/lang/NoSuchMethodError'{0x000000070f89cb68}: 'double java.lang.invoke.DelegatingMethodHandle$Holder.reinvoke_L(java.lang.Object, java.lang.Object, int)'> (0x000000070f89cb68) 
thrown [open/src/hotspot/share/interpreter/linkResolver.cpp, line 759]
Event: 0.385 Thread 0x00000001389a4600 Exception <a 'java/lang/NoSuchMethodError'{0x000000070f8a7078}: 'void java.lang.invoke.DelegatingMethodHandle$Holder.reinvoke_L(java.lang.Object, java.lang.Object, double)'> (0x000000070f8a7078) 
thrown [open/src/hotspot/share/interpreter/linkResolver.cpp, line 759]
Event: 0.392 Thread 0x00000001389a4600 Exception <a 'java/lang/ClassNotFoundException'{0x000000070f915250}: sun/awt/resources/spi/awtProvider> (0x000000070f915250) 
thrown [open/src/hotspot/share/classfile/systemDictionary.cpp, line 255]
Event: 0.400 Thread 0x00000001389a4600 Exception <a 'java/io/FileNotFoundException'{0x000000070f924fb8}> (0x000000070f924fb8) 
thrown [open/src/hotspot/share/prims/jni.cpp, line 516]
Event: 0.400 Thread 0x00000001389a4600 Exception <a 'java/io/FileNotFoundException'{0x000000070f926230}> (0x000000070f926230) 
thrown [open/src/hotspot/share/prims/jni.cpp, line 516]
Event: 0.403 Thread 0x00000001389a4600 Exception <a 'java/lang/ClassNotFoundException'{0x000000070f929ed8}: sun/awt/resources/spi/awtosxProvider> (0x000000070f929ed8) 
thrown [open/src/hotspot/share/classfile/systemDictionary.cpp, line 255]
Event: 0.407 Thread 0x00000001389a4600 Exception <a 'sun/nio/fs/UnixException'{0x000000070f92ff68}> (0x000000070f92ff68) 
thrown [open/src/hotspot/share/prims/jni.cpp, line 516]
Event: 0.562 Thread 0x00000001389a4600 Exception <a 'sun/nio/fs/UnixException'{0x000000070f4675c8}> (0x000000070f4675c8) 
thrown [open/src/hotspot/share/prims/jni.cpp, line 516]
Event: 0.742 Thread 0x00000001389a4600 Implicit null exception at 0x0000000111f8b4f8 to 0x0000000111f8b588
Event: 0.745 Thread 0x00000001389a4600 Implicit null exception at 0x0000000111f96594 to 0x0000000111f967b0
Event: 0.746 Thread 0x00000001389a4600 Implicit null exception at 0x0000000111f97594 to 0x0000000111f977a0
Event: 0.746 Thread 0x00000001389a4600 Implicit null exception at 0x0000000111f943d4 to 0x0000000111f94440
Event: 0.747 Thread 0x00000001389a4600 Exception <a 'java/io/FileNotFoundException'{0x000000070f01ffa8}> (0x000000070f01ffa8) 
thrown [open/src/hotspot/share/prims/jni.cpp, line 516]
Event: 0.797 Thread 0x00000001389a4600 Exception <a 'java/lang/NoSuchMethodError'{0x000000070eccaf70}: 'java.lang.Object java.lang.invoke.DirectMethodHandle$Holder.invokeInterface(java.lang.Object, java.lang.Object, java.lang.Object)'> (0x000000070eccaf70) 
thrown [open/src/hotspot/share/interpreter/linkResolver.cpp, line 759]
Event: 0.797 Thread 0x00000001389a4600 Exception <a 'java/lang/IncompatibleClassChangeError'{0x000000070ecce8f0}: Found class java.lang.Object, but interface was expected> (0x000000070ecce8f0) 
thrown [open/src/hotspot/share/interpreter/linkResolver.cpp, line 826]
Event: 0.808 Thread 0x00000001389a4600 Exception <a 'java/lang/NoSuchMethodError'{0x000000070edbb738}: 'int java.lang.invoke.DirectMethodHandle$Holder.invokeSpecial(java.lang.Object, java.lang.Object, int)'> (0x000000070edbb738) 
thrown [open/src/hotspot/share/interpreter/linkResolver.cpp, line 759]
Event: 0.817 Thread 0x00000001389a4600 Exception <a 'java/lang/NoSuchMethodError'{0x000000070ea44b00}: 'java.lang.Object java.lang.invoke.DirectMethodHandle$Holder.newInvokeSpecial(java.lang.Object, java.lang.Object, int)'> (0x000000070ea44b00) 
thrown [open/src/hotspot/share/interpreter/linkResolver.cpp, line 759]
Event: 0.841 Thread 0x00000001389a4600 Implicit null exception at 0x0000000111fa85b8 to 0x0000000111fa861c
Event: 0.845 Thread 0x0000000138897400 Exception <a 'java/lang/NoSuchMethodError'{0x000000070eb904f0}: 'int java.lang.invoke.DirectMethodHandle$Holder.invokeStaticInit(java.lang.Object, java.lang.Object)'> (0x000000070eb904f0) 
thrown [open/src/hotspot/share/interpreter/linkResolver.cpp, line 759]
Event: 0.847 Thread 0x0000000138897400 Exception <a 'java/lang/NoSuchMethodError'{0x000000070ebcb9f0}: 'java.lang.Object java.lang.invoke.Invokers$Holder.invokeExact_MT(java.lang.Object, java.lang.Object, java.lang.Object, java.lang.Object, java.lang.Object)'> (0x000000070ebcb9f0) 
thrown [open/src/hotspot/share/interpreter/linkResolver.cpp, line 759]

VM Operations (20 events):
Event: 0.076 Executing VM operation: HandshakeAllThreads
Event: 0.076 Executing VM operation: HandshakeAllThreads done
Event: 0.076 Executing VM operation: HandshakeAllThreads
Event: 0.076 Executing VM operation: HandshakeAllThreads done
Event: 0.171 Executing VM operation: ICBufferFull
Event: 0.171 Executing VM operation: ICBufferFull done
Event: 0.341 Executing VM operation: G1CollectForAllocation
Event: 0.342 Executing VM operation: G1CollectForAllocation done
Event: 0.352 Executing VM operation: HandshakeAllThreads
Event: 0.352 Executing VM operation: HandshakeAllThreads done
Event: 0.367 Executing VM operation: ICBufferFull
Event: 0.367 Executing VM operation: ICBufferFull done
Event: 0.410 Executing VM operation: HandshakeAllThreads
Event: 0.410 Executing VM operation: HandshakeAllThreads done
Event: 0.443 Executing VM operation: HandshakeAllThreads
Event: 0.443 Executing VM operation: HandshakeAllThreads done
Event: 0.723 Executing VM operation: ICBufferFull
Event: 0.723 Executing VM operation: ICBufferFull done
Event: 0.724 Executing VM operation: HandshakeAllThreads
Event: 0.724 Executing VM operation: HandshakeAllThreads done

Events (20 events):
Event: 0.254 Protecting memory [0x0000000171db8000,0x0000000171dc4000] with protection modes 3
Event: 0.254 Thread 0x00000001389db400 Thread exited: 0x00000001389db400
Event: 0.281 Protecting memory [0x0000000171db8000,0x0000000171dc4000] with protection modes 0
Event: 0.281 Thread 0x0000000139110400 Thread added: 0x0000000139110400
Event: 0.283 Thread 0x0000000139101400 Thread added: 0x0000000139101400
Event: 0.283 Protecting memory [0x00000001720dc000,0x00000001720e8000] with protection modes 0
Event: 0.293 Loaded shared library /Library/Java/JavaVirtualMachines/jdk-18.0.2.1.jdk/Contents/Home/lib/libjimage.dylib
Event: 0.348 Loading shared library /Users/AndreyStoyanov/.m2/repository/org/openjfx/javafx-graphics/17.0.1/libjavafx_font.dylib failed, dlopen(/Users/AndreyStoyanov/.m2/repository/org/openjfx/javafx-graphics/17.0.1/libjavafx_font.dylib, 0x0001): tried: '/Users/Andrey
Event: 0.350 Loaded shared library /Users/AndreyStoyanov/.openjfx/cache/17.0.1/libjavafx_font.dylib
Event: 0.396 Loaded shared library /Library/Java/JavaVirtualMachines/jdk-18.0.2.1.jdk/Contents/Home/lib/libawt.dylib
Event: 0.400 Loaded shared library /Library/Java/JavaVirtualMachines/jdk-18.0.2.1.jdk/Contents/Home/lib/libawt_lwawt.dylib
Event: 0.405 Loaded shared library /Library/Java/JavaVirtualMachines/jdk-18.0.2.1.jdk/Contents/Home/lib/libfontmanager.dylib
Event: 0.416 Thread 0x00000001389dba00 Thread added: 0x00000001389dba00
Event: 0.416 Protecting memory [0x0000000172d24000,0x0000000172d30000] with protection modes 0
Event: 0.441 Thread 0x0000000138a28000 Thread added: 0x0000000138a28000
Event: 0.441 Protecting memory [0x0000000172f30000,0x0000000172f3c000] with protection modes 0
Event: 0.453 Loading shared library /Users/AndreyStoyanov/.m2/repository/org/openjfx/javafx-graphics/17.0.1/libjavafx_iio.dylib failed, dlopen(/Users/AndreyStoyanov/.m2/repository/org/openjfx/javafx-graphics/17.0.1/libjavafx_iio.dylib, 0x0001): tried: '/Users/AndreySt
Event: 0.457 Loaded shared library /Users/AndreyStoyanov/.openjfx/cache/17.0.1/libjavafx_iio.dylib
Event: 0.794 Thread 0x000000013914e800 Thread added: 0x000000013914e800
Event: 0.794 Protecting memory [0x000000017799c000,0x00000001779a8000] with protection modes 0


Dynamic libraries:
0x0000000100cd0000 	/Library/Java/JavaVirtualMachines/jdk-18.0.2.1.jdk/Contents/Home/lib/libjli.dylib
0x00000001acda5000 	/usr/lib/libz.1.dylib
0x00000001ace5c000 	/usr/lib/libSystem.B.dylib
0x00000001ace56000 	/usr/lib/system/libcache.dylib
0x00000001ace14000 	/usr/lib/system/libcommonCrypto.dylib
0x00000001ace3d000 	/usr/lib/system/libcompiler_rt.dylib
0x00000001ace34000 	/usr/lib/system/libcopyfile.dylib
0x00000001a207b000 	/usr/lib/system/libcorecrypto.dylib
0x00000001a2130000 	/usr/lib/system/libdispatch.dylib
0x00000001a22fe000 	/usr/lib/system/libdyld.dylib
0x00000001ace4c000 	/usr/lib/system/libkeymgr.dylib
0x00000001acdef000 	/usr/lib/system/libmacho.dylib
0x00000001ac4df000 	/usr/lib/system/libquarantine.dylib
0x00000001ace49000 	/usr/lib/system/libremovefile.dylib
0x00000001a7476000 	/usr/lib/system/libsystem_asl.dylib
0x00000001a201d000 	/usr/lib/system/libsystem_blocks.dylib
0x00000001a21b8000 	/usr/lib/system/libsystem_c.dylib
0x00000001ace41000 	/usr/lib/system/libsystem_collections.dylib
0x00000001ab974000 	/usr/lib/system/libsystem_configuration.dylib
0x00000001aabce000 	/usr/lib/system/libsystem_containermanager.dylib
0x00000001acb4c000 	/usr/lib/system/libsystem_coreservices.dylib
0x00000001a4a2f000 	/usr/lib/system/libsystem_darwin.dylib
0x00000001ace4d000 	/usr/lib/system/libsystem_dnssd.dylib
0x00000001a21b5000 	/usr/lib/system/libsystem_featureflags.dylib
0x00000001a2313000 	/usr/lib/system/libsystem_info.dylib
0x00000001acdb7000 	/usr/lib/system/libsystem_m.dylib
0x00000001a2105000 	/usr/lib/system/libsystem_malloc.dylib
0x00000001a7404000 	/usr/lib/system/libsystem_networkextension.dylib
0x00000001a4e88000 	/usr/lib/system/libsystem_notify.dylib
0x00000001b31b1000 	/usr/lib/system/libsystem_product_info_filter.dylib
0x00000001ab979000 	/usr/lib/system/libsystem_sandbox.dylib
0x00000001ace46000 	/usr/lib/system/libsystem_secinit.dylib
0x00000001a22b9000 	/usr/lib/system/libsystem_kernel.dylib
0x00000001a230b000 	/usr/lib/system/libsystem_platform.dylib
0x00000001a22f1000 	/usr/lib/system/libsystem_pthread.dylib
0x00000001a8bda000 	/usr/lib/system/libsystem_symptoms.dylib
0x00000001a2061000 	/usr/lib/system/libsystem_trace.dylib
0x00000001ace21000 	/usr/lib/system/libunwind.dylib
0x00000001a201f000 	/usr/lib/system/libxpc.dylib
0x00000001a22a1000 	/usr/lib/libc++abi.dylib
0x00000001a2177000 	/usr/lib/libobjc.A.dylib
0x00000001ace2c000 	/usr/lib/liboah.dylib
0x00000001a223a000 	/usr/lib/libc++.1.dylib
0x00000001b8cdf000 	/System/Library/Frameworks/Cocoa.framework/Versions/A/Cocoa
0x00000001a4ee9000 	/System/Library/Frameworks/AppKit.framework/Versions/C/AppKit
0x00000001a8400000 	/System/Library/Frameworks/CoreData.framework/Versions/A/CoreData
0x00000001a3244000 	/System/Library/Frameworks/Foundation.framework/Versions/C/Foundation
0x00000001a5da2000 	/System/Library/PrivateFrameworks/UIFoundation.framework/Versions/A/UIFoundation
0x00000001b2eab000 	/System/Library/PrivateFrameworks/RemoteViewServices.framework/Versions/A/RemoteViewServices
0x00000001ab31c000 	/System/Library/PrivateFrameworks/XCTTargetBootstrap.framework/Versions/A/XCTTargetBootstrap
0x00000001aeb9c000 	/System/Library/PrivateFrameworks/InternationalSupport.framework/Versions/A/InternationalSupport
0x00000001aec25000 	/System/Library/PrivateFrameworks/UserActivity.framework/Versions/A/UserActivity
0x00000001ae093000 	/usr/lib/libspindump.dylib
0x00000001a6013000 	/System/Library/Frameworks/UniformTypeIdentifiers.framework/Versions/A/UniformTypeIdentifiers
0x00000001a9864000 	/usr/lib/libapp_launch_measurement.dylib
0x00000001a8d8c000 	/System/Library/PrivateFrameworks/CoreAnalytics.framework/Versions/A/CoreAnalytics
0x00000001a9867000 	/System/Library/PrivateFrameworks/CoreAutoLayout.framework/Versions/A/CoreAutoLayout
0x00000001aac0b000 	/System/Library/Frameworks/Metal.framework/Versions/A/Metal
0x00000001ab984000 	/usr/lib/liblangid.dylib
0x00000001ab321000 	/System/Library/PrivateFrameworks/CoreSVG.framework/Versions/A/CoreSVG
0x00000001a74aa000 	/System/Library/PrivateFrameworks/SkyLight.framework/Versions/A/SkyLight
0x00000001a7886000 	/System/Library/Frameworks/CoreGraphics.framework/Versions/A/CoreGraphics
0x00000001b3577000 	/System/Library/Frameworks/Accelerate.framework/Versions/A/Accelerate
0x00000001adb0a000 	/System/Library/PrivateFrameworks/IconServices.framework/Versions/A/IconServices
0x00000001aabed000 	/System/Library/Frameworks/IOSurface.framework/Versions/A/IOSurface
0x00000001a8dbd000 	/usr/lib/libDiagnosticMessagesClient.dylib
0x00000001b6a7c000 	/System/Library/Frameworks/ApplicationServices.framework/Versions/A/ApplicationServices
0x00000001ab304000 	/System/Library/PrivateFrameworks/DFRFoundation.framework/Versions/A/DFRFoundation
0x00000001a4779000 	/usr/lib/libicucore.A.dylib
0x00000001afa4a000 	/System/Library/Frameworks/AudioToolbox.framework/Versions/A/AudioToolbox
0x00000001aeba8000 	/System/Library/PrivateFrameworks/DataDetectorsCore.framework/Versions/A/DataDetectorsCore
0x00000001c55c8000 	/System/Library/PrivateFrameworks/TextInput.framework/Versions/A/TextInput
0x00000001a741f000 	/usr/lib/libMobileGestalt.dylib
0x00000001aafd0000 	/System/Library/Frameworks/Carbon.framework/Versions/A/Frameworks/HIToolbox.framework/Versions/A/HIToolbox
0x00000001a923d000 	/System/Library/Frameworks/QuartzCore.framework/Versions/A/QuartzCore
0x00000001a43fa000 	/System/Library/Frameworks/Security.framework/Versions/A/Security
0x00000001b2eeb000 	/System/Library/Frameworks/Carbon.framework/Versions/A/Frameworks/SpeechRecognition.framework/Versions/A/SpeechRecognition
0x00000001a95b9000 	/System/Library/PrivateFrameworks/CoreUI.framework/Versions/A/CoreUI
0x00000001a3cd6000 	/System/Library/Frameworks/CoreAudio.framework/Versions/A/CoreAudio
0x00000001a8eb1000 	/System/Library/Frameworks/DiskArbitration.framework/Versions/A/DiskArbitration
0x00000001ae49d000 	/System/Library/PrivateFrameworks/MultitouchSupport.framework/Versions/A/MultitouchSupport
0x00000001a741d000 	/usr/lib/libenergytrace.dylib
0x00000001a4db1000 	/System/Library/Frameworks/IOKit.framework/Versions/A/IOKit
0x00000001b32da000 	/System/Library/Frameworks/CoreServices.framework/Versions/A/CoreServices
0x00000001a97f4000 	/System/Library/PrivateFrameworks/PerformanceAnalysis.framework/Versions/A/PerformanceAnalysis
0x0000000203a73000 	/System/Library/Frameworks/OpenGL.framework/Versions/A/OpenGL
0x00000001ac3f7000 	/System/Library/PrivateFrameworks/MobileKeyBag.framework/Versions/A/MobileKeyBag
0x00000001a7e94000 	/System/Library/Frameworks/ColorSync.framework/Versions/A/ColorSync
0x00000001a2340000 	/System/Library/Frameworks/CoreFoundation.framework/Versions/A/CoreFoundation
0x00000001ab5a0000 	/System/Library/Frameworks/CoreImage.framework/Versions/A/CoreImage
0x00000001a3afa000 	/System/Library/Frameworks/CoreText.framework/Versions/A/CoreText
0x00000001ab351000 	/System/Library/Frameworks/ImageIO.framework/Versions/A/ImageIO
0x00000001ace62000 	/System/Library/PrivateFrameworks/SoftLinking.framework/Versions/A/SoftLinking
0x00000001a98b2000 	/usr/lib/libxml2.2.dylib
0x00000001ad0fb000 	/usr/lib/libcompression.dylib
0x00000001aeaf8000 	/System/Library/PrivateFrameworks/TextureIO.framework/Versions/A/TextureIO
0x00000001ad823000 	/usr/lib/libate.dylib
0x00000001ad6e8000 	/usr/lib/liblzma.5.dylib
0x00000001a2f37000 	/System/Library/Frameworks/SystemConfiguration.framework/Versions/A/SystemConfiguration
0x00000001ace5e000 	/usr/lib/libfakelink.dylib
0x00000001a6f4f000 	/System/Library/Frameworks/CFNetwork.framework/Versions/A/CFNetwork
0x00000001acfa4000 	/usr/lib/libarchive.2.dylib
0x00000001ab980000 	/System/Library/PrivateFrameworks/AppleSystemInfo.framework/Versions/A/AppleSystemInfo
0x00000001ac50a000 	/usr/lib/libbsm.0.dylib
0x00000001a64bc000 	/usr/lib/libnetwork.dylib
0x00000001acdf8000 	/usr/lib/system/libkxld.dylib
0x00000001ac124000 	/System/Library/PrivateFrameworks/IOMobileFramebuffer.framework/Versions/A/IOMobileFramebuffer
0x0000000221e5d000 	/usr/lib/libCoreEntitlements.dylib
0x00000001acb2e000 	/System/Library/PrivateFrameworks/AppleFSCompression.framework/Versions/A/AppleFSCompression
0x00000001ac4f2000 	/usr/lib/libcoretls.dylib
0x00000001ad701000 	/usr/lib/libcoretls_cfhelpers.dylib
0x00000001ad0f6000 	/usr/lib/libpam.2.dylib
0x00000001a87f0000 	/usr/lib/libsqlite3.dylib
0x00000001ad76a000 	/usr/lib/libxar.1.dylib
0x00000001acb3f000 	/usr/lib/libbz2.1.0.dylib
0x00000001ace63000 	/usr/lib/libpcap.A.dylib
0x00000001a8bd1000 	/usr/lib/libdns_services.dylib
0x00000001ad0c9000 	/usr/lib/libapple_nghttp2.dylib
0x00000001acea0000 	/usr/lib/libiconv.2.dylib
0x00000001acdee000 	/usr/lib/libcharset.1.dylib
0x00000001a9830000 	/System/Library/Frameworks/CoreServices.framework/Versions/A/Frameworks/FSEvents.framework/Versions/A/FSEvents
0x00000001a4a3a000 	/System/Library/Frameworks/CoreServices.framework/Versions/A/Frameworks/CarbonCore.framework/Versions/A/CarbonCore
0x00000001a8e11000 	/System/Library/Frameworks/CoreServices.framework/Versions/A/Frameworks/Metadata.framework/Versions/A/Metadata
0x00000001acb52000 	/System/Library/Frameworks/CoreServices.framework/Versions/A/Frameworks/OSServices.framework/Versions/A/OSServices
0x00000001ad02a000 	/System/Library/Frameworks/CoreServices.framework/Versions/A/Frameworks/SearchKit.framework/Versions/A/SearchKit
0x00000001a8b5f000 	/System/Library/Frameworks/CoreServices.framework/Versions/A/Frameworks/AE.framework/Versions/A/AE
0x00000001a2887000 	/System/Library/Frameworks/CoreServices.framework/Versions/A/Frameworks/LaunchServices.framework/Versions/A/LaunchServices
0x00000001ad691000 	/System/Library/Frameworks/CoreServices.framework/Versions/A/Frameworks/DictionaryServices.framework/Versions/A/DictionaryServices
0x00000001a983d000 	/System/Library/Frameworks/CoreServices.framework/Versions/A/Frameworks/SharedFileList.framework/Versions/A/SharedFileList
0x00000001ac4e2000 	/usr/lib/libCheckFix.dylib
0x00000001a748e000 	/System/Library/PrivateFrameworks/TCC.framework/Versions/A/TCC
0x00000001ab986000 	/System/Library/PrivateFrameworks/CoreNLP.framework/Versions/A/CoreNLP
0x00000001a8dc0000 	/System/Library/PrivateFrameworks/MetadataUtilities.framework/Versions/A/MetadataUtilities
0x00000001a2ff1000 	/usr/lib/libmecabra.dylib
0x00000001ac51b000 	/usr/lib/libmecab.dylib
0x00000001a2fbd000 	/usr/lib/libCRFSuite.dylib
0x00000001ac578000 	/usr/lib/libgermantok.dylib
0x00000001ad0a2000 	/usr/lib/libThaiTokenizer.dylib
0x00000001a8eb9000 	/System/Library/Frameworks/Accelerate.framework/Versions/A/Frameworks/vImage.framework/Versions/A/vImage
0x00000001b32b1000 	/System/Library/Frameworks/Accelerate.framework/Versions/A/Frameworks/vecLib.framework/Versions/A/vecLib
0x00000001ad7af000 	/System/Library/Frameworks/Accelerate.framework/Versions/A/Frameworks/vecLib.framework/Versions/A/libvMisc.dylib
0x00000001ac02b000 	/System/Library/Frameworks/Accelerate.framework/Versions/A/Frameworks/vecLib.framework/Versions/A/libvDSP.dylib
0x00000001a2c12000 	/System/Library/Frameworks/Accelerate.framework/Versions/A/Frameworks/vecLib.framework/Versions/A/libBLAS.dylib
0x00000001ad1cc000 	/System/Library/Frameworks/Accelerate.framework/Versions/A/Frameworks/vecLib.framework/Versions/A/libLAPACK.dylib
0x00000001ac57b000 	/System/Library/Frameworks/Accelerate.framework/Versions/A/Frameworks/vecLib.framework/Versions/A/libLinearAlgebra.dylib
0x00000001ad0e1000 	/System/Library/Frameworks/Accelerate.framework/Versions/A/Frameworks/vecLib.framework/Versions/A/libSparseBLAS.dylib
0x00000001ad1c7000 	/System/Library/Frameworks/Accelerate.framework/Versions/A/Frameworks/vecLib.framework/Versions/A/libQuadrature.dylib
0x00000001aba7f000 	/System/Library/Frameworks/Accelerate.framework/Versions/A/Frameworks/vecLib.framework/Versions/A/libBNNS.dylib
0x00000001a2ed0000 	/System/Library/Frameworks/Accelerate.framework/Versions/A/Frameworks/vecLib.framework/Versions/A/libSparse.dylib
0x00000001aba77000 	/System/Library/PrivateFrameworks/LinguisticData.framework/Versions/A/LinguisticData
0x00000001a2e88000 	/System/Library/PrivateFrameworks/Lexicon.framework/Versions/A/Lexicon
0x00000001ad7a7000 	/usr/lib/libChineseTokenizer.dylib
0x00000001a3636000 	/System/Library/PrivateFrameworks/LanguageModeling.framework/Versions/A/LanguageModeling
0x00000001ad0a4000 	/System/Library/PrivateFrameworks/AppleSauce.framework/Versions/A/AppleSauce
0x00000001ac111000 	/System/Library/PrivateFrameworks/CoreEmoji.framework/Versions/A/CoreEmoji
0x00000001acf92000 	/usr/lib/libcmph.dylib
0x00000001a9810000 	/System/Library/Frameworks/OpenDirectory.framework/Versions/A/Frameworks/CFOpenDirectory.framework/Versions/A/CFOpenDirectory
0x00000001a9800000 	/System/Library/Frameworks/OpenDirectory.framework/Versions/A/OpenDirectory
0x00000001ad703000 	/System/Library/PrivateFrameworks/APFS.framework/Versions/A/APFS
0x00000001ac432000 	/System/Library/Frameworks/SecurityFoundation.framework/Versions/A/SecurityFoundation
0x00000001ad779000 	/usr/lib/libutil.dylib
0x00000001a4d73000 	/System/Library/PrivateFrameworks/CoreServicesStore.framework/Versions/A/CoreServicesStore
0x00000001ad77d000 	/usr/lib/libxslt.1.dylib
0x00000001ac4c6000 	/System/Library/PrivateFrameworks/BackgroundTaskManagement.framework/Versions/A/BackgroundTaskManagement
0x00000001aea19000 	/System/Library/Frameworks/ImageIO.framework/Versions/A/Resources/libRadiance.dylib
0x00000001aea22000 	/System/Library/Frameworks/ImageIO.framework/Versions/A/Resources/libJPEG.dylib
0x00000001ae975000 	/System/Library/Frameworks/ImageIO.framework/Versions/A/Resources/libPng.dylib
0x00000001ae997000 	/System/Library/Frameworks/ImageIO.framework/Versions/A/Resources/libTIFF.dylib
0x00000001aea7d000 	/System/Library/Frameworks/ImageIO.framework/Versions/A/Resources/libGIF.dylib
0x00000001ae3ad000 	/System/Library/Frameworks/ImageIO.framework/Versions/A/Resources/libJP2.dylib
0x00000001adacf000 	/usr/lib/libexpat.1.dylib
0x00000001ae368000 	/System/Library/PrivateFrameworks/AppleJPEG.framework/Versions/A/AppleJPEG
0x00000001aae8c000 	/System/Library/PrivateFrameworks/FontServices.framework/libFontParser.dylib
0x00000001a8b04000 	/System/Library/PrivateFrameworks/RunningBoardServices.framework/Versions/A/RunningBoardServices
0x00000001b93b6000 	/System/Library/PrivateFrameworks/IOSurfaceAccelerator.framework/Versions/A/IOSurfaceAccelerator
0x00000001ae499000 	/System/Library/PrivateFrameworks/WatchdogClient.framework/Versions/A/WatchdogClient
0x00000001a3736000 	/System/Library/Frameworks/CoreDisplay.framework/Versions/A/CoreDisplay
0x00000001aad76000 	/System/Library/Frameworks/CoreMedia.framework/Versions/A/CoreMedia
0x00000001aac01000 	/System/Library/PrivateFrameworks/IOAccelerator.framework/Versions/A/IOAccelerator
0x00000001a99a0000 	/System/Library/Frameworks/CoreVideo.framework/Versions/A/CoreVideo
0x00000001ad0f4000 	/System/Library/Frameworks/MetalPerformanceShaders.framework/Versions/A/MetalPerformanceShaders
0x00000001ae4d8000 	/System/Library/Frameworks/VideoToolbox.framework/Versions/A/VideoToolbox
0x00000001a8a48000 	/System/Library/PrivateFrameworks/BaseBoard.framework/Versions/A/BaseBoard
0x00000001a87d6000 	/System/Library/PrivateFrameworks/ProtocolBuffer.framework/Versions/A/ProtocolBuffer
0x00000001aea14000 	/System/Library/PrivateFrameworks/GPUWrangler.framework/Versions/A/GPUWrangler
0x00000001ae9f4000 	/System/Library/PrivateFrameworks/IOPresentment.framework/Versions/A/IOPresentment
0x00000001aea1c000 	/System/Library/PrivateFrameworks/DSExternalDisplay.framework/Versions/A/DSExternalDisplay
0x0000000203a66000 	/System/Library/Frameworks/OpenGL.framework/Versions/A/Libraries/libCoreFSCache.dylib
0x000000020e930000 	/System/Library/PrivateFrameworks/GPUCompiler.framework/Versions/31001/Libraries/libGPUCompilerUtils.dylib
0x00000001aea82000 	/System/Library/PrivateFrameworks/CMCaptureCore.framework/Versions/A/CMCaptureCore
0x00000001ae080000 	/System/Library/PrivateFrameworks/AppServerSupport.framework/Versions/A/AppServerSupport
0x00000001b0308000 	/System/Library/PrivateFrameworks/perfdata.framework/Versions/A/perfdata
0x00000001a3856000 	/System/Library/PrivateFrameworks/AudioToolboxCore.framework/Versions/A/AudioToolboxCore
0x00000001aad4f000 	/System/Library/PrivateFrameworks/caulk.framework/Versions/A/caulk
0x00000001afbfd000 	/usr/lib/libAudioStatistics.dylib
0x00000001c1c1b000 	/System/Library/PrivateFrameworks/SystemPolicy.framework/Versions/A/SystemPolicy
0x00000001afe69000 	/usr/lib/libSMC.dylib
0x00000001b8bbd000 	/System/Library/Frameworks/CoreMIDI.framework/Versions/A/CoreMIDI
0x00000001ae943000 	/usr/lib/libAudioToolboxUtility.dylib
0x00000001bdd7e000 	/System/Library/PrivateFrameworks/OSAServicesClient.framework/Versions/A/OSAServicesClient
0x00000001b0315000 	/usr/lib/libperfcheck.dylib
0x00000001c273a000 	/usr/lib/libmis.dylib
0x0000000203ac8000 	/System/Library/Frameworks/OpenGL.framework/Versions/A/Libraries/libGLU.dylib
0x0000000203a87000 	/System/Library/Frameworks/OpenGL.framework/Versions/A/Libraries/libGFXShared.dylib
0x0000000203c74000 	/System/Library/Frameworks/OpenGL.framework/Versions/A/Libraries/libGL.dylib
0x0000000203a90000 	/System/Library/Frameworks/OpenGL.framework/Versions/A/Libraries/libGLImage.dylib
0x0000000203a84000 	/System/Library/Frameworks/OpenGL.framework/Versions/A/Libraries/libCVMSPluginSupport.dylib
0x0000000203a6d000 	/System/Library/Frameworks/OpenGL.framework/Versions/A/Libraries/libCoreVMClient.dylib
0x00000001ab900000 	/System/Library/Frameworks/MetalPerformanceShaders.framework/Versions/A/Frameworks/MPSCore.framework/Versions/A/MPSCore
0x00000001acaa1000 	/System/Library/Frameworks/MetalPerformanceShaders.framework/Versions/A/Frameworks/MPSImage.framework/Versions/A/MPSImage
0x00000001ac590000 	/System/Library/Frameworks/MetalPerformanceShaders.framework/Versions/A/Frameworks/MPSNeuralNetwork.framework/Versions/A/MPSNeuralNetwork
0x00000001ac9c9000 	/System/Library/Frameworks/MetalPerformanceShaders.framework/Versions/A/Frameworks/MPSMatrix.framework/Versions/A/MPSMatrix
0x00000001ac7a2000 	/System/Library/Frameworks/MetalPerformanceShaders.framework/Versions/A/Frameworks/MPSRayIntersector.framework/Versions/A/MPSRayIntersector
0x00000001ac9fa000 	/System/Library/Frameworks/MetalPerformanceShaders.framework/Versions/A/Frameworks/MPSNDArray.framework/Versions/A/MPSNDArray
0x000000020656f000 	/System/Library/Frameworks/MetalPerformanceShaders.framework/Versions/A/Frameworks/MPSFunctions.framework/Versions/A/MPSFunctions
0x00000001a2ae8000 	/System/Library/PrivateFrameworks/MetalTools.framework/Versions/A/MetalTools
0x00000001ab97e000 	/System/Library/PrivateFrameworks/AggregateDictionary.framework/Versions/A/AggregateDictionary
0x00000001ad8b4000 	/usr/lib/libIOReport.dylib
0x00000001b7bd6000 	/System/Library/PrivateFrameworks/ASEProcessing.framework/Versions/A/ASEProcessing
0x00000001adc29000 	/System/Library/PrivateFrameworks/FaceCore.framework/Versions/A/FaceCore
0x00000001adc1b000 	/System/Library/PrivateFrameworks/GraphVisualizer.framework/Versions/A/GraphVisualizer
0x000000020e847000 	/System/Library/PrivateFrameworks/FontServices.framework/Versions/A/FontServices
0x00000001ae03c000 	/System/Library/PrivateFrameworks/OTSVG.framework/Versions/A/OTSVG
0x00000001a9569000 	/System/Library/Frameworks/ApplicationServices.framework/Versions/A/Frameworks/ATS.framework/Versions/A/Resources/libFontRegistry.dylib
0x00000001ae089000 	/System/Library/PrivateFrameworks/FontServices.framework/libhvf.dylib
0x000000020e848000 	/System/Library/PrivateFrameworks/FontServices.framework/libXTFontStaticRegistryData.dylib
0x0000000203e15000 	/System/Library/Frameworks/OpenCL.framework/Versions/A/OpenCL
0x00000001ada83000 	/System/Library/PrivateFrameworks/AppleVA.framework/Versions/A/AppleVA
0x00000001afc25000 	/System/Library/Frameworks/ApplicationServices.framework/Versions/A/Frameworks/ATS.framework/Versions/A/ATS
0x00000001a7f93000 	/System/Library/Frameworks/ApplicationServices.framework/Versions/A/Frameworks/HIServices.framework/Versions/A/HIServices
0x00000001aea8c000 	/System/Library/Frameworks/ApplicationServices.framework/Versions/A/Frameworks/PrintCore.framework/Versions/A/PrintCore
0x00000001affbc000 	/System/Library/Frameworks/ApplicationServices.framework/Versions/A/Frameworks/QD.framework/Versions/A/QD
0x00000001affb4000 	/System/Library/Frameworks/ApplicationServices.framework/Versions/A/Frameworks/ColorSyncLegacy.framework/Versions/A/ColorSyncLegacy
0x00000001afc11000 	/System/Library/Frameworks/ApplicationServices.framework/Versions/A/Frameworks/SpeechSynthesis.framework/Versions/A/SpeechSynthesis
0x00000001aea4d000 	/System/Library/Frameworks/ApplicationServices.framework/Versions/A/Frameworks/ATSUI.framework/Versions/A/ATSUI
0x00000001aff49000 	/usr/lib/libcups.2.dylib
0x00000001b0323000 	/System/Library/Frameworks/Kerberos.framework/Versions/A/Kerberos
0x00000001b0334000 	/System/Library/Frameworks/GSS.framework/Versions/A/GSS
0x00000001afc95000 	/usr/lib/libresolv.9.dylib
0x00000001ae098000 	/System/Library/PrivateFrameworks/Heimdal.framework/Versions/A/Heimdal
0x00000001b6e0c000 	/System/Library/Frameworks/Kerberos.framework/Versions/A/Libraries/libHeimdalProxy.dylib
0x00000001a8be3000 	/System/Library/Frameworks/Network.framework/Versions/A/Network
0x00000001adaea000 	/usr/lib/libheimdal-asn1.dylib
0x00000001b0384000 	/System/Library/PrivateFrameworks/CommonAuth.framework/Versions/A/CommonAuth
0x00000001afb8b000 	/System/Library/PrivateFrameworks/AudioSession.framework/Versions/A/AudioSession
0x00000001adb7c000 	/System/Library/PrivateFrameworks/MediaExperience.framework/Versions/A/MediaExperience
0x00000001afa10000 	/System/Library/PrivateFrameworks/AudioSession.framework/libSessionUtility.dylib
0x00000001affc8000 	/System/Library/PrivateFrameworks/AudioResourceArbitration.framework/Versions/A/AudioResourceArbitration
0x00000001b418e000 	/System/Library/PrivateFrameworks/PowerLog.framework/Versions/A/PowerLog
0x00000001adaf4000 	/System/Library/PrivateFrameworks/IconFoundation.framework/Versions/A/IconFoundation
0x00000001b2ed7000 	/System/Library/PrivateFrameworks/SpeechRecognitionCore.framework/Versions/A/SpeechRecognitionCore
0x0000000101c68000 	/Library/Java/JavaVirtualMachines/jdk-18.0.2.1.jdk/Contents/Home/lib/server/libjvm.dylib
0x0000000100d28000 	/Library/Java/JavaVirtualMachines/jdk-18.0.2.1.jdk/Contents/Home/lib/libjimage.dylib
0x0000000100db0000 	/Library/Java/JavaVirtualMachines/jdk-18.0.2.1.jdk/Contents/Home/lib/libjava.dylib
0x0000000101864000 	/Library/Java/JavaVirtualMachines/jdk-18.0.2.1.jdk/Contents/Home/lib/libnio.dylib
0x0000000101884000 	/Library/Java/JavaVirtualMachines/jdk-18.0.2.1.jdk/Contents/Home/lib/libnet.dylib
0x0000000101844000 	/Library/Java/JavaVirtualMachines/jdk-18.0.2.1.jdk/Contents/Home/lib/libzip.dylib
0x00000001018a4000 	/Users/AndreyStoyanov/.openjfx/cache/17.0.1/libprism_es2.dylib
0x00000001a4d36000 	/System/Library/PrivateFrameworks/CoreServicesInternal.framework/Versions/A/CoreServicesInternal
0x0000000203c7e000 	/System/Library/Frameworks/OpenGL.framework/Versions/A/Resources/GLEngine.bundle/GLEngine
0x0000000203b06000 	/System/Library/Frameworks/OpenGL.framework/Versions/A/Libraries/libGLProgrammability.dylib
0x0000000101bc0000 	/System/Library/Extensions/AppleMetalOpenGLRenderer.bundle/Contents/MacOS/AppleMetalOpenGLRenderer
0x0000000203ded000 	/System/Library/Frameworks/OpenGL.framework/Versions/A/Resources/GLRendererFloat.bundle/GLRendererFloat
0x00000001e8d17000 	/System/Library/Extensions/AGXMetalG13X.bundle/Contents/MacOS/AGXMetalG13X
0x00000001c2756000 	/System/Library/PrivateFrameworks/GPURawCounter.framework/Versions/A/GPURawCounter
0x00000001bcee7000 	/System/Library/PrivateFrameworks/IOGPU.framework/Versions/A/IOGPU
0x0000000124604000 	/Users/AndreyStoyanov/.openjfx/cache/17.0.1/libglass.dylib
0x00000001b43e6000 	/System/Library/Frameworks/FileProvider.framework/Versions/A/FileProvider
0x00000001a89b0000 	/System/Library/Frameworks/Accounts.framework/Versions/A/Accounts
0x00000001b456a000 	/System/Library/PrivateFrameworks/GenerationalStorage.framework/Versions/A/GenerationalStorage
0x00000001b512d000 	/System/Library/PrivateFrameworks/CoreSymbolication.framework/Versions/A/CoreSymbolication
0x00000001b4182000 	/System/Library/PrivateFrameworks/SymptomDiagnosticReporter.framework/Versions/A/SymptomDiagnosticReporter
0x00000001a6027000 	/System/Library/PrivateFrameworks/DesktopServicesPriv.framework/Versions/A/DesktopServicesPriv
0x00000001a4e98000 	/usr/lib/libsandbox.1.dylib
0x00000001a9a2e000 	/System/Library/PrivateFrameworks/UserManagement.framework/Versions/A/UserManagement
0x00000001b50ea000 	/System/Library/PrivateFrameworks/DebugSymbols.framework/Versions/A/DebugSymbols
0x00000001affa7000 	/System/Library/PrivateFrameworks/NetAuth.framework/Versions/A/NetAuth
0x00000001b0ec8000 	/System/Library/PrivateFrameworks/Sharing.framework/Versions/A/Sharing
0x00000001a99fe000 	/System/Library/PrivateFrameworks/login.framework/Versions/A/Frameworks/loginsupport.framework/Versions/A/loginsupport
0x00000001b6321000 	/System/Library/PrivateFrameworks/Apple80211.framework/Versions/A/Apple80211
0x00000001acb85000 	/System/Library/PrivateFrameworks/AuthKit.framework/Versions/A/AuthKit
0x00000001ac20d000 	/System/Library/PrivateFrameworks/CoreUtils.framework/Versions/A/CoreUtils
0x00000001ac130000 	/System/Library/Frameworks/CoreWLAN.framework/Versions/A/CoreWLAN
0x00000001b1038000 	/System/Library/Frameworks/IOBluetooth.framework/Versions/A/IOBluetooth
0x00000001b6381000 	/System/Library/PrivateFrameworks/CoreWiFi.framework/Versions/A/CoreWiFi
0x00000001b4cca000 	/System/Library/PrivateFrameworks/FrontBoardServices.framework/Versions/A/FrontBoardServices
0x00000001b4d62000 	/System/Library/PrivateFrameworks/BoardServices.framework/Versions/A/BoardServices
0x00000001ac420000 	/System/Library/PrivateFrameworks/AssertionServices.framework/Versions/A/AssertionServices
0x00000001b64fe000 	/System/Library/PrivateFrameworks/BackBoardServices.framework/Versions/A/BackBoardServices
0x00000001b041b000 	/System/Library/PrivateFrameworks/CorePhoneNumbers.framework/Versions/A/CorePhoneNumbers
0x00000001afcc2000 	/System/Library/PrivateFrameworks/MultiverseSupport.framework/Versions/A/MultiverseSupport
0x00000001b677f000 	/System/Library/PrivateFrameworks/RemoteServiceDiscovery.framework/Versions/A/RemoteServiceDiscovery
0x00000001b42b2000 	/System/Library/PrivateFrameworks/DiskManagement.framework/Versions/A/DiskManagement
0x00000001b41b5000 	/System/Library/PrivateFrameworks/AppleIDAuthSupport.framework/Versions/A/AppleIDAuthSupport
0x0000000208dac000 	/System/Library/PrivateFrameworks/AAAFoundation.framework/Versions/A/AAAFoundation
0x00000001b03fa000 	/System/Library/PrivateFrameworks/KeychainCircle.framework/Versions/A/KeychainCircle
0x00000001b678f000 	/System/Library/PrivateFrameworks/RemoteXPC.framework/Versions/A/RemoteXPC
0x00000001b427e000 	/System/Library/PrivateFrameworks/MediaKit.framework/Versions/A/MediaKit
0x00000001b41c2000 	/System/Library/Frameworks/DiscRecording.framework/Versions/A/DiscRecording
0x00000001ad9ff000 	/usr/lib/libCoreStorage.dylib
0x00000001b67fb000 	/usr/lib/libcsfde.dylib
0x00000001b110d000 	/System/Library/PrivateFrameworks/ProtectedCloudStorage.framework/Versions/A/ProtectedCloudStorage
0x00000001b67f3000 	/System/Library/PrivateFrameworks/EFILogin.framework/Versions/A/EFILogin
0x00000001b4591000 	/System/Library/PrivateFrameworks/OctagonTrust.framework/Versions/A/OctagonTrust
0x000000020d9ce000 	/System/Library/PrivateFrameworks/CoreUtilsExtras.framework/Versions/A/CoreUtilsExtras
0x00000001b40e7000 	/System/Library/Frameworks/CoreBluetooth.framework/Versions/A/CoreBluetooth
0x00000001b6e91000 	/System/Library/Frameworks/AudioUnit.framework/Versions/A/AudioUnit
0x00000001ad9f7000 	/usr/lib/libMatch.1.dylib
0x00000001c6c3e000 	/System/Library/Frameworks/Accelerate.framework/Versions/A/Frameworks/vImage.framework/Versions/A/Libraries/libCGInterfaces.dylib
0x000000012cb7c000 	/usr/lib/libobjc-trampolines.dylib
0x00000001a96f8000 	/System/Library/PrivateFrameworks/ViewBridge.framework/Versions/A/ViewBridge
0x00000001ad8bd000 	/System/Library/PrivateFrameworks/CrashReporterSupport.framework/Versions/A/CrashReporterSupport
0x00000001ce6f5000 	/System/Library/PrivateFrameworks/OSAnalytics.framework/Versions/A/OSAnalytics
0x00000001d9a62000 	/System/Library/PrivateFrameworks/Symbolication.framework/Versions/A/Symbolication
0x00000001c2717000 	/System/Library/PrivateFrameworks/MallocStackLogging.framework/Versions/A/MallocStackLogging
0x000000012f5a0000 	/Users/AndreyStoyanov/.openjfx/cache/17.0.1/libjavafx_font.dylib
0x0000000221fba000 	/usr/lib/libRosetta.dylib
0x0000000139a00000 	/Library/Java/JavaVirtualMachines/jdk-18.0.2.1.jdk/Contents/Home/lib/libawt.dylib
0x0000000139ab0000 	/Library/Java/JavaVirtualMachines/jdk-18.0.2.1.jdk/Contents/Home/lib/libmlib_image.dylib
0x00000002064d5000 	/System/Library/Frameworks/JavaRuntimeSupport.framework/Versions/A/JavaRuntimeSupport
0x00000001c171b000 	/System/Library/Frameworks/Carbon.framework/Versions/A/Carbon
0x00000001ba7f5000 	/System/Library/Frameworks/Carbon.framework/Versions/A/Frameworks/CommonPanels.framework/Versions/A/CommonPanels
0x00000001b67ef000 	/System/Library/Frameworks/Carbon.framework/Versions/A/Frameworks/Help.framework/Versions/A/Help
0x00000001ba7f9000 	/System/Library/Frameworks/Carbon.framework/Versions/A/Frameworks/ImageCapture.framework/Versions/A/ImageCapture
0x00000001ba7c5000 	/System/Library/Frameworks/Carbon.framework/Versions/A/Frameworks/OpenScripting.framework/Versions/A/OpenScripting
0x00000001ba7f1000 	/System/Library/Frameworks/Carbon.framework/Versions/A/Frameworks/Ink.framework/Versions/A/Ink
0x00000001c1717000 	/System/Library/Frameworks/Carbon.framework/Versions/A/Frameworks/Print.framework/Versions/A/Print
0x00000001ba7ed000 	/System/Library/Frameworks/Carbon.framework/Versions/A/Frameworks/SecurityHI.framework/Versions/A/SecurityHI
0x0000000139c40000 	/Library/Java/JavaVirtualMachines/jdk-18.0.2.1.jdk/Contents/Home/lib/libawt_lwawt.dylib
0x0000000138560000 	/Library/Java/JavaVirtualMachines/jdk-18.0.2.1.jdk/Contents/Home/lib/libosxapp.dylib
0x00000001c096d000 	/System/Library/Frameworks/ExceptionHandling.framework/Versions/A/ExceptionHandling
0x000000013c000000 	/Library/Java/JavaVirtualMachines/jdk-18.0.2.1.jdk/Contents/Home/lib/libfontmanager.dylib
0x0000000139d64000 	/Library/Java/JavaVirtualMachines/jdk-18.0.2.1.jdk/Contents/Home/lib/libfreetype.dylib
0x00000001ae15b000 	/System/Library/PrivateFrameworks/login.framework/Versions/A/login
0x0000000139b94000 	/Users/AndreyStoyanov/.openjfx/cache/17.0.1/libjavafx_iio.dylib


VM Arguments:
jvm_args: --module-path=/Users/AndreyStoyanov/Desktop/IntelliJ_Project/RoadRunnerFX/target/classes:/Users/AndreyStoyanov/.m2/repository/org/openjfx/javafx-base/17.0.1/javafx-base-17.0.1-mac-aarch64.jar:/Users/AndreyStoyanov/.m2/repository/org/openjfx/javafx-controls/17.0.1/javafx-controls-17.0.1-mac-aarch64.jar:/Users/AndreyStoyanov/.m2/repository/org/openjfx/javafx-fxml/17.0.1/javafx-fxml-17.0.1-mac-aarch64.jar:/Users/AndreyStoyanov/.m2/repository/org/openjfx/javafx-graphics/17.0.1/javafx-graphics-17.0.1-mac-aarch64.jar:/Users/AndreyStoyanov/.m2/repository/org/openjfx/javafx-swing/17.0.1/javafx-swing-17.0.1-mac-aarch64.jar --add-modules=com.example.roadrunnerfx -Djdk.module.main=com.example.roadrunnerfx 
java_command: com.example.roadrunnerfx/com.example.roadrunnerfx.StartMenu
java_class_path (initial): /Users/AndreyStoyanov/.m2/repository/org/openjfx/javafx-base/17.0.1/javafx-base-17.0.1.jar:/Users/AndreyStoyanov/.m2/repository/org/openjfx/javafx-controls/17.0.1/javafx-controls-17.0.1.jar:/Users/AndreyStoyanov/.m2/repository/org/openjfx/javafx-fxml/17.0.1/javafx-fxml-17.0.1.jar:/Users/AndreyStoyanov/.m2/repository/org/openjfx/javafx-graphics/17.0.1/javafx-graphics-17.0.1.jar:/Users/AndreyStoyanov/.m2/repository/org/openjfx/javafx-swing/17.0.1/javafx-swing-17.0.1.jar
Launcher Type: SUN_STANDARD

[Global flags]
     intx CICompilerCount                          = 4                                         {product} {ergonomic}
     uint ConcGCThreads                            = 2                                         {product} {ergonomic}
     uint G1ConcRefinementThreads                  = 9                                         {product} {ergonomic}
   size_t G1HeapRegionSize                         = 2097152                                   {product} {ergonomic}
    uintx GCDrainStackTargetSize                   = 64                                        {product} {ergonomic}
   size_t InitialHeapSize                          = 268435456                                 {product} {ergonomic}
   size_t MarkStackSize                            = 4194304                                   {product} {ergonomic}
   size_t MaxHeapSize                              = 4294967296                                {product} {ergonomic}
   size_t MaxNewSize                               = 2575302656                                {product} {ergonomic}
   size_t MinHeapDeltaBytes                        = 2097152                                   {product} {ergonomic}
   size_t MinHeapSize                              = 8388608                                   {product} {ergonomic}
    uintx NonNMethodCodeHeapSize                   = 5839564                                {pd product} {ergonomic}
    uintx NonProfiledCodeHeapSize                  = 122909338                              {pd product} {ergonomic}
    uintx ProfiledCodeHeapSize                     = 122909338                              {pd product} {ergonomic}
    uintx ReservedCodeCacheSize                    = 251658240                              {pd product} {ergonomic}
     bool SegmentedCodeCache                       = true                                      {product} {ergonomic}
   size_t SoftMaxHeapSize                          = 4294967296                             {manageable} {ergonomic}
     bool UseCompressedClassPointers               = true                           {product lp64_product} {ergonomic}
     bool UseCompressedOops                        = true                           {product lp64_product} {ergonomic}
     bool UseG1GC                                  = true                                      {product} {ergonomic}
     bool UseNUMA                                  = false                                     {product} {ergonomic}
     bool UseNUMAInterleaving                      = false                                     {product} {ergonomic}

Logging:
Log output configuration:
 #0: stdout all=warning uptime,level,tags foldmultilines=false
 #1: stderr all=off uptime,level,tags foldmultilines=false

Environment Variables:
PATH=/usr/local/mysql/bin:/usr/local/bin:/usr/bin:/bin:/usr/sbin:/sbin:/usr/local/share/dotnet:~/.dotnet/tools:/Library/Apple/usr/bin:/Library/Frameworks/Mono.framework/Versions/Current/Commands
SHELL=/bin/bash
LC_CTYPE=de_DE.UTF-8

Signal Handlers:
   SIGSEGV: _ZL13crash_handleriP9__siginfoPv in libjvm.dylib, mask=11100110000111110111111111111111, flags=SA_RESTART|SA_SIGINFO
    SIGBUS: _ZL13crash_handleriP9__siginfoPv in libjvm.dylib, mask=11100110000111110111111111111111, flags=SA_RESTART|SA_SIGINFO
    SIGFPE: _ZL13crash_handleriP9__siginfoPv in libjvm.dylib, mask=11100110000111110111111111111111, flags=SA_RESTART|SA_SIGINFO
   SIGPIPE: _ZL17javaSignalHandleriP9__siginfoPv in libjvm.dylib, mask=11100110000111110111111111111111, flags=SA_RESTART|SA_SIGINFO
   SIGXFSZ: _ZL17javaSignalHandleriP9__siginfoPv in libjvm.dylib, mask=11100110000111110111111111111111, flags=SA_RESTART|SA_SIGINFO
    SIGILL: _ZL13crash_handleriP9__siginfoPv in libjvm.dylib, mask=11100110000111110111111111111111, flags=SA_RESTART|SA_SIGINFO
   SIGUSR2: _ZL10SR_handleriP9__siginfoP17__darwin_ucontext in libjvm.dylib, mask=00100000000000000000000000000000, flags=SA_RESTART|SA_SIGINFO
    SIGHUP: _ZL11UserHandleriPvS_ in libjvm.dylib, mask=11100110000111110111111111111111, flags=SA_RESTART|SA_SIGINFO
    SIGINT: _ZL11UserHandleriPvS_ in libjvm.dylib, mask=11100110000111110111111111111111, flags=SA_RESTART|SA_SIGINFO
   SIGTERM: _ZL11UserHandleriPvS_ in libjvm.dylib, mask=11100110000111110111111111111111, flags=SA_RESTART|SA_SIGINFO
   SIGQUIT: _ZL11UserHandleriPvS_ in libjvm.dylib, mask=11100110000111110111111111111111, flags=SA_RESTART|SA_SIGINFO
   SIGTRAP: _ZL13crash_handleriP9__siginfoPv in libjvm.dylib, mask=11100110000111110111111111111111, flags=SA_RESTART|SA_SIGINFO


---------------  S Y S T E M  ---------------

OS:
uname: Darwin 21.6.0 Darwin Kernel Version 21.6.0: Wed Aug 10 14:28:23 PDT 2022; root:xnu-8020.141.5~2/RELEASE_ARM64_T6000 arm64
OS uptime: 21 days 3:54 hours
rlimit (soft/hard): STACK 8176k/65520k , CORE 0k/infinity , NPROC 2666/4000 , NOFILE 10240/infinity , AS infinity/infinity , CPU infinity/infinity , DATA infinity/infinity , FSIZE infinity/infinity , MEMLOCK infinity/infinity , RSS infinity/infinity
load average: 1.16 1.56 1.64

CPU: total 10 (initial active 10) 0x61:0x0:0x1b588bb3:0, fp, simd, aes, pmull, crc, lse

Memory: 16k page, physical 16777216k(113248k free), swap 2097152k(955392k free)

vm_info: Java HotSpot(TM) 64-Bit Server VM (18.0.2.1+1-1) for bsd-aarch64 JRE (18.0.2.1+1-1), built on Aug 16 2022 00:50:09 by "mach5one" with clang Apple LLVM 12.0.0 (clang-1200.0.32.29)

END.
